TN:
SF:index.js
FNF:0
FNH:0
LF:0
LH:0
BRF:0
BRH:0
end_of_record
TN:
SF:clustering/Hierarchical_Clustering.js
FN:18,(anonymous_244)
FN:37,(anonymous_245)
FN:42,(anonymous_246)
FN:45,(anonymous_247)
FN:61,(anonymous_248)
FN:73,(anonymous_249)
FN:117,(anonymous_250)
FN:194,(anonymous_251)
FN:207,(anonymous_252)
FN:221,(anonymous_253)
FN:225,(anonymous_254)
FN:233,(anonymous_255)
FN:18,(anonymous_247)
FN:37,(anonymous_248)
FN:42,(anonymous_249)
FN:45,(anonymous_250)
FN:61,(anonymous_251)
FN:73,(anonymous_252)
FN:117,(anonymous_253)
FN:194,(anonymous_254)
FN:207,(anonymous_255)
FN:221,(anonymous_256)
FN:225,(anonymous_257)
FN:233,(anonymous_258)
FNF:24
FNH:0
FNDA:0,(anonymous_244)
FNDA:0,(anonymous_245)
FNDA:0,(anonymous_246)
FNDA:0,(anonymous_247)
FNDA:0,(anonymous_248)
FNDA:0,(anonymous_249)
FNDA:0,(anonymous_250)
FNDA:0,(anonymous_251)
FNDA:0,(anonymous_252)
FNDA:0,(anonymous_253)
FNDA:0,(anonymous_254)
FNDA:0,(anonymous_255)
FNDA:0,(anonymous_247)
FNDA:0,(anonymous_248)
FNDA:0,(anonymous_249)
FNDA:0,(anonymous_250)
FNDA:0,(anonymous_251)
FNDA:0,(anonymous_252)
FNDA:0,(anonymous_253)
FNDA:0,(anonymous_254)
FNDA:0,(anonymous_255)
FNDA:0,(anonymous_256)
FNDA:0,(anonymous_257)
FNDA:0,(anonymous_258)
DA:19,0
DA:20,0
DA:21,0
DA:22,0
DA:23,0
DA:24,0
DA:26,0
DA:27,0
DA:28,0
DA:38,0
DA:40,0
DA:42,0
DA:43,0
DA:45,0
DA:46,0
DA:48,0
DA:50,0
DA:51,0
DA:62,0
DA:63,0
DA:65,0
DA:66,0
DA:74,0
DA:75,0
DA:76,0
DA:77,0
DA:79,0
DA:80,0
DA:81,0
DA:82,0
DA:84,0
DA:85,0
DA:86,0
DA:87,0
DA:92,0
DA:93,0
DA:94,0
DA:95,0
DA:96,0
DA:97,0
DA:98,0
DA:103,0
DA:104,0
DA:105,0
DA:106,0
DA:107,0
DA:108,0
DA:109,0
DA:111,0
DA:118,0
DA:119,0
DA:120,0
DA:121,0
DA:122,0
DA:123,0
DA:124,0
DA:125,0
DA:126,0
DA:127,0
DA:128,0
DA:129,0
DA:130,0
DA:131,0
DA:132,0
DA:136,0
DA:137,0
DA:138,0
DA:141,0
DA:142,0
DA:143,0
DA:144,0
DA:145,0
DA:146,0
DA:147,0
DA:148,0
DA:149,0
DA:150,0
DA:151,0
DA:152,0
DA:153,0
DA:154,0
DA:156,0
DA:158,0
DA:159,0
DA:160,0
DA:161,0
DA:163,0
DA:164,0
DA:165,0
DA:166,0
DA:168,0
DA:169,0
DA:170,0
DA:171,0
DA:174,0
DA:175,0
DA:176,0
DA:177,0
DA:179,0
DA:180,0
DA:181,0
DA:183,0
DA:184,0
DA:187,0
DA:189,0
DA:195,0
DA:196,0
DA:197,0
DA:198,0
DA:199,0
DA:200,0
DA:201,0
DA:202,0
DA:203,0
DA:204,0
DA:208,0
DA:209,0
DA:210,0
DA:211,0
DA:212,0
DA:213,0
DA:214,0
DA:215,0
DA:216,0
DA:218,0
DA:222,0
DA:226,0
DA:227,0
DA:228,0
DA:229,0
DA:234,0
DA:235,0
DA:236,0
DA:237,0
LF:134
LH:0
BRDA:18,0,0,0
BRDA:18,1,0,0
BRDA:23,2,0,0
BRDA:23,2,1,0
BRDA:20,3,0,0
BRDA:20,3,1,0
BRDA:23,4,0,0
BRDA:23,4,1,0
BRDA:37,5,0,0
BRDA:40,6,0,0
BRDA:40,6,1,0
BRDA:40,6,2,0
BRDA:62,7,0,0
BRDA:62,7,1,0
BRDA:79,8,0,0
BRDA:79,8,1,0
BRDA:85,9,0,0
BRDA:85,9,1,0
BRDA:86,10,0,0
BRDA:86,10,1,0
BRDA:95,11,0,0
BRDA:95,11,1,0
BRDA:97,12,0,0
BRDA:97,12,1,0
BRDA:130,13,0,0
BRDA:130,13,1,0
BRDA:137,14,0,0
BRDA:137,14,1,0
BRDA:144,15,0,0
BRDA:144,15,1,0
BRDA:145,16,0,0
BRDA:145,16,1,0
BRDA:156,17,0,0
BRDA:156,17,1,0
BRDA:156,17,2,0
BRDA:180,18,0,0
BRDA:180,18,1,0
BRDA:183,19,0,0
BRDA:183,19,1,0
BRDA:200,20,0,0
BRDA:200,20,1,0
BRDA:201,21,0,0
BRDA:201,21,1,0
BRDA:202,22,0,0
BRDA:202,22,1,0
BRDA:226,23,0,0
BRDA:226,23,1,0
BRDA:229,24,0,0
BRDA:229,24,1,0
BRDA:230,25,0,0
BRDA:230,25,1,0
BRDA:234,26,0,0
BRDA:234,26,1,0
BRDA:18,27,0,0
BRDA:18,28,0,0
BRDA:20,29,0,0
BRDA:20,29,1,0
BRDA:23,30,0,0
BRDA:23,30,1,0
BRDA:23,31,0,0
BRDA:23,31,1,0
BRDA:37,32,0,0
BRDA:40,33,0,0
BRDA:40,33,1,0
BRDA:40,33,2,0
BRDA:62,34,0,0
BRDA:62,34,1,0
BRDA:79,35,0,0
BRDA:79,35,1,0
BRDA:85,36,0,0
BRDA:85,36,1,0
BRDA:86,37,0,0
BRDA:86,37,1,0
BRDA:95,38,0,0
BRDA:95,38,1,0
BRDA:97,39,0,0
BRDA:97,39,1,0
BRDA:130,40,0,0
BRDA:130,40,1,0
BRDA:137,41,0,0
BRDA:137,41,1,0
BRDA:144,42,0,0
BRDA:144,42,1,0
BRDA:145,43,0,0
BRDA:145,43,1,0
BRDA:156,44,0,0
BRDA:156,44,1,0
BRDA:156,44,2,0
BRDA:180,45,0,0
BRDA:180,45,1,0
BRDA:183,46,0,0
BRDA:183,46,1,0
BRDA:200,47,0,0
BRDA:200,47,1,0
BRDA:201,48,0,0
BRDA:201,48,1,0
BRDA:202,49,0,0
BRDA:202,49,1,0
BRDA:226,50,0,0
BRDA:226,50,1,0
BRDA:229,51,0,0
BRDA:229,51,1,0
BRDA:230,52,0,0
BRDA:230,52,1,0
BRDA:234,53,0,0
BRDA:234,53,1,0
BRF:106
BRH:0
end_of_record
TN:
SF:clustering/KMeans.js
FN:23,(anonymous_256)
FN:41,(anonymous_257)
FN:44,(anonymous_258)
FN:45,(anonymous_259)
FN:54,(anonymous_260)
FN:60,(anonymous_261)
FN:73,(anonymous_262)
FN:85,(anonymous_263)
FN:93,(anonymous_264)
FN:135,(anonymous_265)
FN:154,(anonymous_266)
FN:163,(anonymous_267)
FN:23,(anonymous_259)
FN:41,(anonymous_260)
FN:54,(anonymous_263)
FN:60,(anonymous_264)
FN:73,(anonymous_265)
FN:85,(anonymous_266)
FN:93,(anonymous_267)
FN:135,(anonymous_268)
FN:154,(anonymous_269)
FN:163,(anonymous_270)
FNF:22
FNH:0
FNDA:0,(anonymous_256)
FNDA:0,(anonymous_257)
FNDA:0,(anonymous_258)
FNDA:0,(anonymous_259)
FNDA:0,(anonymous_260)
FNDA:0,(anonymous_261)
FNDA:0,(anonymous_262)
FNDA:0,(anonymous_263)
FNDA:0,(anonymous_264)
FNDA:0,(anonymous_265)
FNDA:0,(anonymous_266)
FNDA:0,(anonymous_267)
FNDA:0,(anonymous_259)
FNDA:0,(anonymous_260)
FNDA:0,(anonymous_263)
FNDA:0,(anonymous_264)
FNDA:0,(anonymous_265)
FNDA:0,(anonymous_266)
FNDA:0,(anonymous_267)
FNDA:0,(anonymous_268)
FNDA:0,(anonymous_269)
FNDA:0,(anonymous_270)
DA:24,0
DA:25,0
DA:26,0
DA:27,0
DA:28,0
DA:29,0
DA:30,0
DA:31,0
DA:32,0
DA:33,0
DA:34,0
DA:35,0
DA:42,0
DA:43,0
DA:44,0
DA:45,0
DA:46,0
DA:55,0
DA:56,0
DA:57,0
DA:58,0
DA:61,0
DA:62,0
DA:63,0
DA:64,0
DA:66,0
DA:70,0
DA:74,0
DA:75,0
DA:76,0
DA:77,0
DA:78,0
DA:79,0
DA:80,0
DA:81,0
DA:82,0
DA:83,0
DA:85,0
DA:86,0
DA:87,0
DA:88,0
DA:90,0
DA:94,0
DA:95,0
DA:96,0
DA:97,0
DA:98,0
DA:99,0
DA:100,0
DA:102,0
DA:103,0
DA:104,0
DA:105,0
DA:106,0
DA:107,0
DA:108,0
DA:109,0
DA:110,0
DA:113,0
DA:114,0
DA:116,0
DA:120,0
DA:121,0
DA:122,0
DA:123,0
DA:127,0
DA:129,0
DA:136,0
DA:137,0
DA:138,0
DA:139,0
DA:140,0
DA:141,0
DA:143,0
DA:144,0
DA:145,0
DA:146,0
DA:147,0
DA:148,0
DA:149,0
DA:152,0
DA:153,0
DA:154,0
DA:164,0
DA:165,0
DA:166,0
DA:167,0
DA:168,0
DA:169,0
DA:170,0
LF:90
LH:0
BRDA:23,0,0,0
BRDA:23,1,0,0
BRDA:23,2,0,0
BRDA:30,3,0,0
BRDA:30,3,1,0
BRDA:34,4,0,0
BRDA:34,4,1,0
BRDA:108,5,0,0
BRDA:108,5,1,0
BRDA:113,6,0,0
BRDA:113,6,1,0
BRDA:164,7,0,0
BRDA:164,7,1,0
BRDA:165,8,0,0
BRDA:165,8,1,0
BRDA:23,9,0,0
BRDA:23,10,0,0
BRDA:23,11,0,0
BRDA:30,12,0,0
BRDA:30,12,1,0
BRDA:34,13,0,0
BRDA:34,13,1,0
BRDA:108,14,0,0
BRDA:108,14,1,0
BRDA:113,15,0,0
BRDA:113,15,1,0
BRDA:164,16,0,0
BRDA:164,16,1,0
BRDA:165,17,0,0
BRDA:165,17,1,0
BRF:30
BRH:0
end_of_record
TN:
SF:clustering/KMedoids.js
FN:23,(anonymous_268)
FN:52,(anonymous_269)
FN:58,(anonymous_270)
FN:59,(anonymous_271)
FN:66,(anonymous_272)
FN:137,(anonymous_273)
FN:141,(anonymous_274)
FN:145,(anonymous_275)
FN:146,(anonymous_276)
FN:149,(anonymous_277)
FN:164,(anonymous_278)
FN:165,(anonymous_279)
FN:166,(anonymous_280)
FN:181,(anonymous_281)
FN:182,(anonymous_282)
FN:183,(anonymous_283)
FN:190,(anonymous_284)
FN:191,(anonymous_285)
FN:192,(anonymous_286)
FN:195,(anonymous_287)
FN:196,(anonymous_288)
FN:211,(anonymous_289)
FN:225,(anonymous_290)
FN:229,(anonymous_291)
FN:233,(anonymous_292)
FN:247,(anonymous_293)
FN:264,(anonymous_294)
FN:291,(anonymous_295)
FN:291,(anonymous_296)
FN:300,(anonymous_297)
FN:23,(anonymous_271)
FN:52,(anonymous_272)
FN:66,(anonymous_275)
FN:137,(anonymous_276)
FN:146,(anonymous_279)
FN:165,(anonymous_282)
FN:166,(anonymous_283)
FN:182,(anonymous_285)
FN:183,(anonymous_286)
FN:191,(anonymous_288)
FN:192,(anonymous_289)
FN:196,(anonymous_291)
FN:211,(anonymous_292)
FN:225,(anonymous_293)
FN:247,(anonymous_296)
FN:264,(anonymous_297)
FN:291,(anonymous_298)
FN:291,(anonymous_299)
FN:300,(anonymous_300)
FNF:49
FNH:0
FNDA:0,(anonymous_268)
FNDA:0,(anonymous_269)
FNDA:0,(anonymous_270)
FNDA:0,(anonymous_271)
FNDA:0,(anonymous_272)
FNDA:0,(anonymous_273)
FNDA:0,(anonymous_274)
FNDA:0,(anonymous_275)
FNDA:0,(anonymous_276)
FNDA:0,(anonymous_277)
FNDA:0,(anonymous_278)
FNDA:0,(anonymous_279)
FNDA:0,(anonymous_280)
FNDA:0,(anonymous_281)
FNDA:0,(anonymous_282)
FNDA:0,(anonymous_283)
FNDA:0,(anonymous_284)
FNDA:0,(anonymous_285)
FNDA:0,(anonymous_286)
FNDA:0,(anonymous_287)
FNDA:0,(anonymous_288)
FNDA:0,(anonymous_289)
FNDA:0,(anonymous_290)
FNDA:0,(anonymous_291)
FNDA:0,(anonymous_292)
FNDA:0,(anonymous_293)
FNDA:0,(anonymous_294)
FNDA:0,(anonymous_295)
FNDA:0,(anonymous_296)
FNDA:0,(anonymous_297)
FNDA:0,(anonymous_271)
FNDA:0,(anonymous_272)
FNDA:0,(anonymous_275)
FNDA:0,(anonymous_276)
FNDA:0,(anonymous_279)
FNDA:0,(anonymous_282)
FNDA:0,(anonymous_283)
FNDA:0,(anonymous_285)
FNDA:0,(anonymous_286)
FNDA:0,(anonymous_288)
FNDA:0,(anonymous_289)
FNDA:0,(anonymous_291)
FNDA:0,(anonymous_292)
FNDA:0,(anonymous_293)
FNDA:0,(anonymous_296)
FNDA:0,(anonymous_297)
FNDA:0,(anonymous_298)
FNDA:0,(anonymous_299)
FNDA:0,(anonymous_300)
DA:24,0
DA:25,0
DA:26,0
DA:27,0
DA:28,0
DA:29,0
DA:30,0
DA:31,0
DA:32,0
DA:40,0
DA:41,0
DA:42,0
DA:43,0
DA:45,0
DA:46,0
DA:53,0
DA:54,0
DA:55,0
DA:56,0
DA:58,0
DA:59,0
DA:60,0
DA:62,0
DA:63,0
DA:67,0
DA:68,0
DA:69,0
DA:70,0
DA:71,0
DA:72,0
DA:73,0
DA:138,0
DA:139,0
DA:140,0
DA:141,0
DA:143,0
DA:144,0
DA:145,0
DA:146,0
DA:147,0
DA:148,0
DA:149,0
DA:150,0
DA:151,0
DA:152,0
DA:153,0
DA:155,0
DA:157,0
DA:158,0
DA:163,0
DA:164,0
DA:165,0
DA:167,0
DA:168,0
DA:169,0
DA:175,0
DA:178,0
DA:180,0
DA:181,0
DA:182,0
DA:183,0
DA:184,0
DA:187,0
DA:189,0
DA:190,0
DA:191,0
DA:193,0
DA:194,0
DA:195,0
DA:196,0
DA:197,0
DA:198,0
DA:199,0
DA:201,0
DA:204,0
DA:207,0
DA:208,0
DA:212,0
DA:213,0
DA:214,0
DA:215,0
DA:216,0
DA:217,0
DA:218,0
DA:219,0
DA:220,0
DA:222,0
DA:226,0
DA:227,0
DA:228,0
DA:230,0
DA:231,0
DA:233,0
DA:235,0
DA:248,0
DA:249,0
DA:250,0
DA:251,0
DA:252,0
DA:253,0
DA:254,0
DA:256,0
DA:265,0
DA:266,0
DA:267,0
DA:268,0
DA:269,0
DA:270,0
DA:271,0
DA:273,0
DA:274,0
DA:275,0
DA:276,0
DA:277,0
DA:278,0
DA:279,0
DA:280,0
DA:281,0
DA:283,0
DA:284,0
DA:285,0
DA:289,0
DA:290,0
DA:291,0
DA:292,0
DA:293,0
DA:294,0
DA:295,0
DA:296,0
DA:297,0
DA:298,0
DA:299,0
DA:300,0
DA:301,0
DA:302,0
DA:306,0
DA:307,0
DA:308,0
DA:311,0
DA:313,0
LF:140
LH:0
BRDA:23,0,0,0
BRDA:23,1,0,0
BRDA:23,2,0,0
BRDA:31,3,0,0
BRDA:31,3,1,0
BRDA:40,4,0,0
BRDA:40,4,1,0
BRDA:55,5,0,0
BRDA:55,5,1,0
BRDA:73,6,0,0
BRDA:73,6,1,0
BRDA:175,7,0,0
BRDA:175,7,1,0
BRDA:146,8,0,0
BRDA:146,8,1,0
BRDA:150,9,0,0
BRDA:150,9,1,0
BRDA:155,10,0,0
BRDA:155,10,1,0
BRDA:158,11,0,0
BRDA:158,11,1,0
BRDA:167,12,0,0
BRDA:167,12,1,0
BRDA:183,13,0,0
BRDA:183,13,1,0
BRDA:196,14,0,0
BRDA:196,14,1,0
BRDA:196,14,2,NaN
BRDA:196,15,0,0
BRDA:196,15,1,0
BRDA:198,16,0,0
BRDA:198,16,1,0
BRDA:211,17,0,0
BRDA:211,17,1,0
BRDA:211,18,0,0
BRDA:212,19,0,0
BRDA:212,19,1,NaN
BRDA:217,20,0,0
BRDA:217,20,1,0
BRDA:218,21,0,0
BRDA:218,21,1,0
BRDA:218,22,0,0
BRDA:218,22,1,0
BRDA:248,23,0,0
BRDA:248,23,1,0
BRDA:249,24,0,0
BRDA:249,24,1,0
BRDA:254,25,0,0
BRDA:254,25,1,0
BRDA:279,26,0,0
BRDA:279,26,1,0
BRDA:283,27,0,0
BRDA:283,27,1,0
BRDA:297,28,0,0
BRDA:297,28,1,0
BRDA:301,29,0,0
BRDA:301,29,1,0
BRDA:306,30,0,0
BRDA:306,30,1,0
BRDA:23,31,0,0
BRDA:23,31,1,0
BRDA:23,32,0,0
BRDA:23,33,0,0
BRDA:31,34,0,0
BRDA:31,34,1,0
BRDA:40,35,0,0
BRDA:40,35,1,0
BRDA:55,36,0,0
BRDA:55,36,1,0
BRDA:74,37,0,0
BRDA:74,37,1,0
BRDA:146,38,0,0
BRDA:146,38,1,0
BRDA:150,39,0,0
BRDA:150,39,1,0
BRDA:155,40,0,0
BRDA:155,40,1,0
BRDA:158,41,0,0
BRDA:158,41,1,0
BRDA:167,42,0,0
BRDA:167,42,1,0
BRDA:175,43,0,0
BRDA:175,43,1,0
BRDA:183,44,0,0
BRDA:183,44,1,0
BRDA:196,45,0,0
BRDA:196,45,1,0
BRDA:196,46,0,0
BRDA:196,46,1,0
BRDA:197,47,0,0
BRDA:197,47,1,0
BRDA:198,48,0,0
BRDA:198,48,1,0
BRDA:211,49,0,0
BRDA:211,50,0,0
BRDA:212,51,0,0
BRDA:212,51,1,0
BRDA:217,52,0,0
BRDA:217,52,1,0
BRDA:218,53,0,0
BRDA:218,53,1,0
BRDA:218,54,0,0
BRDA:218,54,1,0
BRDA:248,55,0,0
BRDA:248,55,1,0
BRDA:249,56,0,0
BRDA:249,56,1,0
BRDA:255,57,0,0
BRDA:255,57,1,0
BRDA:279,58,0,0
BRDA:279,58,1,0
BRDA:283,59,0,0
BRDA:283,59,1,0
BRDA:297,60,0,0
BRDA:297,60,1,0
BRDA:301,61,0,0
BRDA:301,61,1,0
BRDA:306,62,0,0
BRDA:306,62,1,0
BRDA:306,63,0,0
BRDA:306,63,1,0
BRF:121
BRH:0
end_of_record
TN:
SF:clustering/OPTICS.js
FN:23,(anonymous_298)
FN:39,(anonymous_299)
FN:63,(anonymous_300)
FN:77,(anonymous_301)
FN:98,(anonymous_302)
FN:113,(anonymous_303)
FN:121,(anonymous_304)
FN:127,(anonymous_305)
FN:139,(anonymous_306)
FN:158,(anonymous_307)
FN:176,(anonymous_308)
FN:23,(anonymous_301)
FN:39,(anonymous_302)
FN:63,(anonymous_303)
FN:77,(anonymous_304)
FN:98,(anonymous_305)
FN:113,(anonymous_306)
FN:121,(anonymous_307)
FN:127,(anonymous_308)
FN:139,(anonymous_309)
FN:158,(anonymous_310)
FN:176,(anonymous_311)
FNF:22
FNH:0
FNDA:0,(anonymous_298)
FNDA:0,(anonymous_299)
FNDA:0,(anonymous_300)
FNDA:0,(anonymous_301)
FNDA:0,(anonymous_302)
FNDA:0,(anonymous_303)
FNDA:0,(anonymous_304)
FNDA:0,(anonymous_305)
FNDA:0,(anonymous_306)
FNDA:0,(anonymous_307)
FNDA:0,(anonymous_308)
FNDA:0,(anonymous_301)
FNDA:0,(anonymous_302)
FNDA:0,(anonymous_303)
FNDA:0,(anonymous_304)
FNDA:0,(anonymous_305)
FNDA:0,(anonymous_306)
FNDA:0,(anonymous_307)
FNDA:0,(anonymous_308)
FNDA:0,(anonymous_309)
FNDA:0,(anonymous_310)
FNDA:0,(anonymous_311)
DA:24,0
DA:25,0
DA:26,0
DA:27,0
DA:29,0
DA:30,0
DA:31,0
DA:32,0
DA:33,0
DA:40,0
DA:41,0
DA:42,0
DA:43,0
DA:44,0
DA:45,0
DA:47,0
DA:48,0
DA:55,0
DA:56,0
DA:57,0
DA:58,0
DA:59,0
DA:60,0
DA:61,0
DA:62,0
DA:63,0
DA:64,0
DA:65,0
DA:68,0
DA:78,0
DA:79,0
DA:80,0
DA:81,0
DA:82,0
DA:83,0
DA:84,0
DA:85,0
DA:86,0
DA:89,0
DA:99,0
DA:100,0
DA:101,0
DA:102,0
DA:104,0
DA:114,0
DA:115,0
DA:116,0
DA:117,0
DA:118,0
DA:119,0
DA:121,0
DA:122,0
DA:123,0
DA:125,0
DA:126,0
DA:127,0
DA:140,0
DA:141,0
DA:142,0
DA:143,0
DA:144,0
DA:145,0
DA:146,0
DA:147,0
DA:148,0
DA:149,0
DA:159,0
DA:160,0
DA:161,0
DA:162,0
DA:163,0
DA:164,0
DA:166,0
DA:169,0
DA:170,0
DA:177,0
DA:178,0
DA:179,0
DA:180,0
DA:181,0
DA:182,0
DA:183,0
DA:186,0
LF:83
LH:0
BRDA:23,0,0,0
BRDA:56,1,0,0
BRDA:56,1,1,0
BRDA:56,2,0,0
BRDA:56,2,1,0
BRDA:78,3,0,0
BRDA:78,3,1,0
BRDA:84,4,0,0
BRDA:84,4,1,0
BRDA:84,4,2,NaN
BRDA:101,5,0,0
BRDA:101,5,1,0
BRDA:101,6,0,0
BRDA:101,6,1,0
BRDA:118,7,0,0
BRDA:118,7,1,0
BRDA:121,8,0,0
BRDA:121,8,1,0
BRDA:125,9,0,0
BRDA:125,9,1,0
BRDA:147,10,0,0
BRDA:147,10,1,0
BRDA:163,11,0,0
BRDA:163,11,1,0
BRDA:183,12,0,0
BRDA:183,12,1,0
BRDA:23,13,0,0
BRDA:23,13,1,0
BRDA:56,14,0,0
BRDA:56,14,1,0
BRDA:62,15,0,0
BRDA:62,15,1,0
BRDA:78,16,0,0
BRDA:78,16,1,0
BRDA:84,17,0,0
BRDA:84,17,1,0
BRDA:85,18,0,0
BRDA:85,18,1,0
BRDA:101,19,0,0
BRDA:101,19,1,0
BRDA:101,20,0,0
BRDA:101,20,1,0
BRDA:118,21,0,0
BRDA:118,21,1,0
BRDA:121,22,0,0
BRDA:121,22,1,0
BRDA:125,23,0,0
BRDA:125,23,1,0
BRDA:147,24,0,0
BRDA:147,24,1,0
BRDA:163,25,0,0
BRDA:163,25,1,0
BRDA:183,26,0,0
BRDA:183,26,1,0
BRF:54
BRH:0
end_of_record
TN:
SF:clustering/XMeans.js
FN:24,(anonymous_0)
FN:57,(anonymous_1)
FN:88,(anonymous_2)
FN:115,(anonymous_3)
FN:133,(anonymous_4)
FN:149,(anonymous_5)
FNF:6
FNH:0
FNDA:0,(anonymous_0)
FNDA:0,(anonymous_1)
FNDA:0,(anonymous_2)
FNDA:0,(anonymous_3)
FNDA:0,(anonymous_4)
FNDA:0,(anonymous_5)
DA:26,0
DA:27,0
DA:28,0
DA:29,0
DA:30,0
DA:31,0
DA:32,0
DA:33,0
DA:34,0
DA:35,0
DA:40,0
DA:41,0
DA:43,0
DA:44,0
DA:45,0
DA:46,0
DA:47,0
DA:48,0
DA:49,0
DA:50,0
DA:51,0
DA:53,0
DA:54,0
DA:55,0
DA:56,0
DA:57,0
DA:58,0
DA:59,0
DA:60,0
DA:61,0
DA:62,0
DA:63,0
DA:64,0
DA:65,0
DA:66,0
DA:70,0
DA:71,0
DA:72,0
DA:73,0
DA:74,0
DA:75,0
DA:78,0
DA:79,0
DA:81,0
DA:82,0
DA:83,0
DA:84,0
DA:86,0
DA:88,0
DA:89,0
DA:90,0
DA:91,0
DA:92,0
DA:94,0
DA:97,0
DA:99,0
DA:101,0
DA:112,0
DA:116,0
DA:117,0
DA:118,0
DA:119,0
DA:120,0
DA:121,0
DA:122,0
DA:123,0
DA:124,0
DA:125,0
DA:126,0
DA:127,0
DA:130,0
DA:134,0
DA:135,0
DA:136,0
DA:138,0
DA:140,0
DA:141,0
DA:142,0
DA:143,0
DA:144,0
DA:145,0
DA:146,0
DA:149,0
DA:150,0
DA:151,0
DA:153,0
DA:154,0
DA:156,0
DA:161,0
DA:163,0
LF:90
LH:0
BRDA:24,0,0,0
BRDA:24,1,0,0
BRDA:24,2,0,0
BRDA:24,3,0,0
BRDA:56,4,0,0
BRDA:56,4,1,0
BRDA:73,5,0,0
BRDA:73,5,1,0
BRDA:89,6,0,0
BRDA:89,6,1,0
BRDA:91,7,0,0
BRDA:91,7,1,0
BRDA:122,8,0,0
BRDA:122,8,1,0
BRDA:125,9,0,0
BRDA:125,9,1,0
BRF:16
BRH:0
end_of_record
TN:
SF:clustering/index.js
FNF:0
FNH:0
LF:0
LH:0
BRF:0
BRH:0
end_of_record
TN:
SF:datastructure/DisjointSet.js
FN:14,(anonymous_110)
FN:24,(anonymous_111)
FN:36,(anonymous_112)
FN:51,(anonymous_113)
FN:14,(anonymous_112)
FN:24,(anonymous_113)
FN:36,(anonymous_114)
FN:51,(anonymous_115)
FNF:8
FNH:0
FNDA:0,(anonymous_110)
FNDA:0,(anonymous_111)
FNDA:0,(anonymous_112)
FNDA:0,(anonymous_113)
FNDA:0,(anonymous_112)
FNDA:0,(anonymous_113)
FNDA:0,(anonymous_114)
FNDA:0,(anonymous_115)
DA:15,0
DA:16,0
DA:17,0
DA:18,0
DA:21,0
DA:25,0
DA:26,0
DA:27,0
DA:28,0
DA:29,0
DA:30,0
DA:31,0
DA:33,0
DA:37,0
DA:38,0
DA:39,0
DA:40,0
DA:41,0
DA:42,0
DA:44,0
DA:47,0
DA:52,0
DA:53,0
DA:55,0
DA:56,0
DA:58,0
DA:60,0
DA:61,0
DA:63,0
LF:29
LH:0
BRDA:14,0,0,0
BRDA:16,1,0,0
BRDA:16,1,1,0
BRDA:26,2,0,0
BRDA:26,2,1,0
BRDA:37,3,0,0
BRDA:37,3,1,0
BRDA:39,4,0,0
BRDA:39,4,1,0
BRDA:55,5,0,0
BRDA:55,5,1,0
BRDA:56,6,0,0
BRDA:56,6,1,0
BRDA:14,7,0,0
BRDA:16,8,0,0
BRDA:16,8,1,0
BRDA:26,9,0,0
BRDA:26,9,1,0
BRDA:38,10,0,0
BRDA:38,10,1,0
BRDA:39,11,0,0
BRDA:39,11,1,0
BRDA:55,12,0,0
BRDA:55,12,1,0
BRDA:56,13,0,0
BRDA:56,13,1,0
BRF:26
BRH:0
end_of_record
TN:
SF:datastructure/Heap.js
FN:17,(anonymous_90)
FN:17,(anonymous_91)
FN:24,(anonymous_92)
FN:26,(anonymous_93)
FN:41,(anonymous_94)
FN:41,(anonymous_95)
FN:62,(anonymous_96)
FN:71,(anonymous_97)
FN:90,(anonymous_98)
FN:103,(anonymous_99)
FN:127,(anonymous_100)
FN:144,(anonymous_101)
FN:153,(anonymous_102)
FN:163,(anonymous_103)
FN:165,(anonymous_104)
FN:172,(anonymous_105)
FN:174,(anonymous_106)
FN:181,(anonymous_107)
FN:189,(anonymous_108)
FN:197,(anonymous_109)
FN:17,(anonymous_92)
FN:17,(anonymous_93)
FN:41,(anonymous_96)
FN:41,(anonymous_97)
FN:62,(anonymous_98)
FN:71,(anonymous_99)
FN:90,(anonymous_100)
FN:103,(anonymous_101)
FN:127,(anonymous_102)
FN:144,(anonymous_103)
FN:153,(anonymous_104)
FN:163,(anonymous_105)
FN:172,(anonymous_107)
FN:174,(anonymous_108)
FN:181,(anonymous_109)
FN:189,(anonymous_110)
FN:197,(anonymous_111)
FNF:37
FNH:0
FNDA:0,(anonymous_90)
FNDA:0,(anonymous_91)
FNDA:0,(anonymous_92)
FNDA:0,(anonymous_93)
FNDA:0,(anonymous_94)
FNDA:0,(anonymous_95)
FNDA:0,(anonymous_96)
FNDA:0,(anonymous_97)
FNDA:0,(anonymous_98)
FNDA:0,(anonymous_99)
FNDA:0,(anonymous_100)
FNDA:0,(anonymous_101)
FNDA:0,(anonymous_102)
FNDA:0,(anonymous_103)
FNDA:0,(anonymous_104)
FNDA:0,(anonymous_105)
FNDA:0,(anonymous_106)
FNDA:0,(anonymous_107)
FNDA:0,(anonymous_108)
FNDA:0,(anonymous_109)
FNDA:0,(anonymous_92)
FNDA:0,(anonymous_93)
FNDA:0,(anonymous_96)
FNDA:0,(anonymous_97)
FNDA:0,(anonymous_98)
FNDA:0,(anonymous_99)
FNDA:0,(anonymous_100)
FNDA:0,(anonymous_101)
FNDA:0,(anonymous_102)
FNDA:0,(anonymous_103)
FNDA:0,(anonymous_104)
FNDA:0,(anonymous_105)
FNDA:0,(anonymous_107)
FNDA:0,(anonymous_108)
FNDA:0,(anonymous_109)
FNDA:0,(anonymous_110)
FNDA:0,(anonymous_111)
DA:17,0
DA:18,0
DA:19,0
DA:21,0
DA:22,0
DA:23,0
DA:24,0
DA:25,0
DA:26,0
DA:28,0
DA:30,0
DA:41,0
DA:42,0
DA:43,0
DA:44,0
DA:45,0
DA:50,0
DA:51,0
DA:53,0
DA:63,0
DA:64,0
DA:65,0
DA:72,0
DA:73,0
DA:74,0
DA:75,0
DA:76,0
DA:77,0
DA:79,0
DA:80,0
DA:91,0
DA:93,0
DA:94,0
DA:95,0
DA:96,0
DA:104,0
DA:105,0
DA:106,0
DA:107,0
DA:108,0
DA:109,0
DA:110,0
DA:111,0
DA:112,0
DA:114,0
DA:115,0
DA:117,0
DA:118,0
DA:119,0
DA:128,0
DA:129,0
DA:130,0
DA:131,0
DA:132,0
DA:134,0
DA:135,0
DA:136,0
DA:137,0
DA:145,0
DA:154,0
DA:155,0
DA:164,0
DA:165,0
DA:173,0
DA:174,0
DA:182,0
DA:190,0
DA:198,0
LF:68
LH:0
BRDA:17,0,0,0
BRDA:17,1,0,0
BRDA:17,2,0,0
BRDA:18,3,0,0
BRDA:18,3,1,0
BRDA:23,4,0,0
BRDA:23,4,1,0
BRDA:25,5,0,0
BRDA:25,5,1,0
BRDA:41,6,0,0
BRDA:41,7,0,0
BRDA:76,8,0,0
BRDA:76,8,1,0
BRDA:103,9,0,0
BRDA:110,10,0,0
BRDA:110,10,1,0
BRDA:111,11,0,0
BRDA:111,11,1,0
BRDA:111,11,2,NaN
BRDA:114,12,0,0
BRDA:114,12,1,0
BRDA:114,12,2,NaN
BRDA:117,13,0,0
BRDA:117,13,1,0
BRDA:129,14,0,0
BRDA:129,14,1,0
BRDA:131,15,0,0
BRDA:131,15,1,0
BRDA:145,16,0,0
BRDA:145,16,1,0
BRDA:165,17,0,0
BRDA:165,17,1,0
BRDA:17,18,0,0
BRDA:17,18,1,0
BRDA:17,19,0,0
BRDA:17,19,1,0
BRDA:17,20,0,0
BRDA:18,21,0,0
BRDA:18,21,1,0
BRDA:23,22,0,0
BRDA:23,22,1,0
BRDA:25,23,0,0
BRDA:25,23,1,0
BRDA:41,24,0,0
BRDA:41,25,0,0
BRDA:76,26,0,0
BRDA:76,26,1,0
BRDA:103,27,0,0
BRDA:110,28,0,0
BRDA:110,28,1,0
BRDA:111,29,0,0
BRDA:111,29,1,0
BRDA:111,30,0,0
BRDA:111,30,1,0
BRDA:114,31,0,0
BRDA:114,31,1,0
BRDA:114,32,0,0
BRDA:114,32,1,0
BRDA:117,33,0,0
BRDA:117,33,1,0
BRDA:129,34,0,0
BRDA:129,34,1,0
BRDA:131,35,0,0
BRDA:131,35,1,0
BRDA:145,36,0,0
BRDA:145,36,1,0
BRDA:165,37,0,0
BRDA:165,37,1,0
BRF:68
BRH:0
end_of_record
TN:
SF:datastructure/index.js
FNF:0
FNH:0
LF:0
LH:0
BRF:0
BRH:0
end_of_record
TN:
SF:dimred/DR.js
FN:13,(anonymous_137)
FN:17,(anonymous_138)
FN:32,(anonymous_139)
FN:57,(anonymous_140)
FN:70,(anonymous_141)
FN:74,(anonymous_142)
FN:82,(anonymous_143)
FN:87,(anonymous_144)
FN:91,(anonymous_145)
FN:101,(anonymous_146)
FN:105,(anonymous_147)
FN:110,(anonymous_148)
FN:115,(anonymous_149)
FN:119,(anonymous_150)
FN:13,(anonymous_139)
FN:17,(anonymous_140)
FN:32,(anonymous_141)
FN:57,(anonymous_142)
FN:70,(anonymous_143)
FN:74,(anonymous_144)
FN:82,(anonymous_145)
FN:87,(anonymous_146)
FN:91,(anonymous_147)
FN:101,(anonymous_148)
FN:105,(anonymous_149)
FN:110,(anonymous_150)
FN:115,(anonymous_151)
FN:119,(anonymous_152)
FNF:28
FNH:0
FNDA:0,(anonymous_137)
FNDA:0,(anonymous_138)
FNDA:0,(anonymous_139)
FNDA:0,(anonymous_140)
FNDA:0,(anonymous_141)
FNDA:0,(anonymous_142)
FNDA:0,(anonymous_143)
FNDA:0,(anonymous_144)
FNDA:0,(anonymous_145)
FNDA:0,(anonymous_146)
FNDA:0,(anonymous_147)
FNDA:0,(anonymous_148)
FNDA:0,(anonymous_149)
FNDA:0,(anonymous_150)
FNDA:0,(anonymous_139)
FNDA:0,(anonymous_140)
FNDA:0,(anonymous_141)
FNDA:0,(anonymous_142)
FNDA:0,(anonymous_143)
FNDA:0,(anonymous_144)
FNDA:0,(anonymous_145)
FNDA:0,(anonymous_146)
FNDA:0,(anonymous_147)
FNDA:0,(anonymous_148)
FNDA:0,(anonymous_149)
FNDA:0,(anonymous_150)
FNDA:0,(anonymous_151)
FNDA:0,(anonymous_152)
DA:14,0
DA:18,0
DA:19,0
DA:33,0
DA:34,0
DA:35,0
DA:36,0
DA:37,0
DA:38,0
DA:40,0
DA:42,0
DA:43,0
DA:44,0
DA:45,0
DA:46,0
DA:47,0
DA:48,0
DA:58,0
DA:59,0
DA:61,0
DA:62,0
DA:63,0
DA:64,0
DA:66,0
DA:71,0
DA:75,0
DA:83,0
DA:84,0
DA:88,0
DA:92,0
DA:93,0
DA:94,0
DA:102,0
DA:106,0
DA:107,0
DA:111,0
DA:112,0
DA:116,0
DA:120,0
DA:121,0
DA:122,0
DA:123,0
LF:42
LH:0
BRDA:32,0,0,0
BRDA:32,1,0,0
BRDA:32,2,0,0
BRDA:33,3,0,0
BRDA:33,3,1,0
BRDA:36,4,0,0
BRDA:36,4,1,0
BRDA:57,5,0,0
BRDA:58,6,0,0
BRDA:58,6,1,0
BRDA:61,7,0,0
BRDA:61,7,1,0
BRDA:70,8,0,0
BRDA:74,9,0,0
BRDA:92,10,0,0
BRDA:92,10,1,0
BRDA:92,10,2,NaN
BRDA:102,11,0,0
BRDA:102,11,1,0
BRDA:32,12,0,0
BRDA:32,12,1,0
BRDA:32,13,0,0
BRDA:32,14,0,0
BRDA:33,15,0,0
BRDA:33,15,1,0
BRDA:36,16,0,0
BRDA:36,16,1,0
BRDA:57,17,0,0
BRDA:58,18,0,0
BRDA:58,18,1,0
BRDA:61,19,0,0
BRDA:61,19,1,0
BRDA:70,20,0,0
BRDA:74,21,0,0
BRDA:92,22,0,0
BRDA:92,22,1,0
BRDA:92,23,0,0
BRDA:92,23,1,0
BRDA:102,24,0,0
BRDA:102,24,1,0
BRF:40
BRH:0
end_of_record
TN:
SF:dimred/FASTMAP.js
FN:22,(anonymous_168)
FN:33,(anonymous_169)
FN:61,(anonymous_170)
FN:67,(anonymous_171)
FN:94,(anonymous_172)
FN:22,(anonymous_170)
FN:33,(anonymous_171)
FN:61,(anonymous_172)
FNF:8
FNH:0
FNDA:0,(anonymous_168)
FNDA:0,(anonymous_169)
FNDA:0,(anonymous_170)
FNDA:0,(anonymous_171)
FNDA:0,(anonymous_172)
FNDA:0,(anonymous_170)
FNDA:0,(anonymous_171)
FNDA:0,(anonymous_172)
DA:23,0
DA:24,0
DA:34,0
DA:35,0
DA:36,0
DA:37,0
DA:38,0
DA:39,0
DA:40,0
DA:41,0
DA:42,0
DA:43,0
DA:46,0
DA:47,0
DA:48,0
DA:49,0
DA:50,0
DA:51,0
DA:54,0
DA:62,0
DA:63,0
DA:64,0
DA:65,0
DA:66,0
DA:67,0
DA:69,0
DA:70,0
DA:72,0
DA:82,0
DA:84,0
DA:85,0
DA:86,0
DA:87,0
DA:88,0
DA:94,0
DA:98,0
DA:99,0
LF:37
LH:0
BRDA:22,0,0,0
BRDA:22,1,0,0
BRDA:22,2,0,0
BRDA:41,3,0,0
BRDA:41,3,1,0
BRDA:49,4,0,0
BRDA:49,4,1,0
BRDA:82,5,0,0
BRDA:82,5,1,0
BRDA:22,6,0,0
BRDA:22,7,0,0
BRDA:22,8,0,0
BRDA:41,9,0,0
BRDA:41,9,1,0
BRDA:49,10,0,0
BRDA:49,10,1,0
BRDA:82,11,0,0
BRDA:82,11,1,0
BRF:18
BRH:0
end_of_record
TN:
SF:dimred/HIPP.js
FN:20,(anonymous_0)
FN:29,(anonymous_1)
FN:36,(anonymous_2)
FNF:3
FNH:0
FNDA:0,(anonymous_0)
FNDA:0,(anonymous_1)
FNDA:0,(anonymous_2)
DA:21,0
DA:30,0
DA:37,0
LF:3
LH:0
BRDA:20,0,0,0
BRF:1
BRH:0
end_of_record
TN:
SF:dimred/ISOMAP.js
FN:24,(anonymous_158)
FN:35,(anonymous_159)
FN:42,(anonymous_160)
FN:52,(anonymous_161)
FN:60,(anonymous_162)
FN:61,(anonymous_163)
FN:76,(anonymous_164)
FN:85,(anonymous_165)
FN:86,(anonymous_166)
FN:88,(anonymous_167)
FN:24,(anonymous_160)
FN:35,(anonymous_161)
FN:52,(anonymous_163)
FN:61,(anonymous_165)
FN:85,(anonymous_167)
FN:86,(anonymous_168)
FNF:16
FNH:0
FNDA:0,(anonymous_158)
FNDA:0,(anonymous_159)
FNDA:0,(anonymous_160)
FNDA:0,(anonymous_161)
FNDA:0,(anonymous_162)
FNDA:0,(anonymous_163)
FNDA:0,(anonymous_164)
FNDA:0,(anonymous_165)
FNDA:0,(anonymous_166)
FNDA:0,(anonymous_167)
FNDA:0,(anonymous_160)
FNDA:0,(anonymous_161)
FNDA:0,(anonymous_163)
FNDA:0,(anonymous_165)
FNDA:0,(anonymous_167)
FNDA:0,(anonymous_168)
DA:25,0
DA:26,0
DA:27,0
DA:28,0
DA:36,0
DA:37,0
DA:38,0
DA:39,0
DA:41,0
DA:42,0
DA:43,0
DA:44,0
DA:45,0
DA:46,0
DA:47,0
DA:52,0
DA:53,0
DA:60,0
DA:61,0
DA:62,0
DA:65,0
DA:66,0
DA:67,0
DA:68,0
DA:73,0
DA:74,0
DA:75,0
DA:76,0
DA:77,0
DA:78,0
DA:79,0
DA:80,0
DA:81,0
DA:82,0
DA:85,0
DA:86,0
DA:87,0
DA:88,0
DA:91,0
DA:92,0
DA:94,0
LF:41
LH:0
BRDA:24,0,0,0
BRDA:24,1,0,0
BRDA:24,2,0,0
BRDA:27,3,0,0
BRDA:27,3,1,0
BRDA:42,4,0,0
BRDA:42,4,1,0
BRDA:62,5,0,0
BRDA:62,5,1,0
BRDA:78,6,0,0
BRDA:78,6,1,0
BRDA:24,7,0,0
BRDA:24,8,0,0
BRDA:24,9,0,0
BRDA:27,10,0,0
BRDA:27,10,1,0
BRDA:42,11,0,0
BRDA:42,11,1,0
BRDA:62,12,0,0
BRDA:62,12,1,0
BRDA:78,13,0,0
BRDA:78,13,1,0
BRF:22
BRH:0
end_of_record
TN:
SF:dimred/LDA.js
FN:23,(anonymous_173)
FN:33,(anonymous_174)
FN:39,(anonymous_175)
FN:66,(anonymous_176)
FN:75,(anonymous_177)
FN:78,(anonymous_178)
FN:23,(anonymous_175)
FN:33,(anonymous_176)
FN:66,(anonymous_178)
FN:75,(anonymous_179)
FNF:10
FNH:0
FNDA:0,(anonymous_173)
FNDA:0,(anonymous_174)
FNDA:0,(anonymous_175)
FNDA:0,(anonymous_176)
FNDA:0,(anonymous_177)
FNDA:0,(anonymous_178)
FNDA:0,(anonymous_175)
FNDA:0,(anonymous_176)
FNDA:0,(anonymous_178)
FNDA:0,(anonymous_179)
DA:24,0
DA:25,0
DA:26,0
DA:27,0
DA:34,0
DA:35,0
DA:36,0
DA:37,0
DA:38,0
DA:39,0
DA:40,0
DA:41,0
DA:42,0
DA:44,0
DA:53,0
DA:54,0
DA:55,0
DA:56,0
DA:57,0
DA:58,0
DA:59,0
DA:63,0
DA:64,0
DA:65,0
DA:66,0
DA:67,0
DA:68,0
DA:72,0
DA:73,0
DA:74,0
DA:75,0
DA:76,0
DA:77,0
DA:78,0
DA:79,0
DA:83,0
DA:84,0
DA:85,0
DA:88,0
LF:39
LH:0
BRDA:23,0,0,0
BRDA:23,1,0,0
BRDA:23,2,0,0
BRDA:40,3,0,0
BRDA:40,3,1,0
BRDA:23,4,0,0
BRDA:23,5,0,0
BRDA:23,6,0,0
BRDA:40,7,0,0
BRDA:40,7,1,0
BRF:10
BRH:0
end_of_record
TN:
SF:dimred/LLE.js
FN:25,(anonymous_179)
FN:35,(anonymous_180)
FN:47,(anonymous_181)
FN:25,(anonymous_181)
FN:35,(anonymous_182)
FNF:5
FNH:0
FNDA:0,(anonymous_179)
FNDA:0,(anonymous_180)
FNDA:0,(anonymous_181)
FNDA:0,(anonymous_181)
FNDA:0,(anonymous_182)
DA:26,0
DA:27,0
DA:28,0
DA:29,0
DA:36,0
DA:37,0
DA:38,0
DA:39,0
DA:40,0
DA:41,0
DA:42,0
DA:43,0
DA:45,0
DA:46,0
DA:47,0
DA:48,0
DA:49,0
DA:50,0
DA:51,0
DA:52,0
DA:56,0
DA:57,0
DA:58,0
DA:59,0
DA:63,0
DA:64,0
DA:65,0
DA:66,0
DA:67,0
DA:70,0
LF:30
LH:0
BRDA:25,0,0,0
BRDA:25,1,0,0
BRDA:25,2,0,0
BRDA:28,3,0,0
BRDA:28,3,1,0
BRDA:49,4,0,0
BRDA:49,4,1,0
BRDA:25,5,0,0
BRDA:25,6,0,0
BRDA:25,7,0,0
BRDA:28,8,0,0
BRDA:28,8,1,0
BRDA:49,9,0,0
BRDA:49,9,1,0
BRF:14
BRH:0
end_of_record
TN:
SF:dimred/LSP.js
FN:26,(anonymous_309)
FN:41,(anonymous_310)
FN:51,(anonymous_311)
FN:54,(anonymous_312)
FN:60,(anonymous_313)
FN:82,(anonymous_314)
FN:26,(anonymous_312)
FN:41,(anonymous_313)
FN:54,(anonymous_315)
FN:82,(anonymous_317)
FNF:10
FNH:0
FNDA:0,(anonymous_309)
FNDA:0,(anonymous_310)
FNDA:0,(anonymous_311)
FNDA:0,(anonymous_312)
FNDA:0,(anonymous_313)
FNDA:0,(anonymous_314)
FNDA:0,(anonymous_312)
FNDA:0,(anonymous_313)
FNDA:0,(anonymous_315)
FNDA:0,(anonymous_317)
DA:27,0
DA:28,0
DA:29,0
DA:30,0
DA:31,0
DA:32,0
DA:42,0
DA:43,0
DA:44,0
DA:45,0
DA:46,0
DA:47,0
DA:48,0
DA:49,0
DA:50,0
DA:51,0
DA:52,0
DA:54,0
DA:56,0
DA:57,0
DA:58,0
DA:59,0
DA:60,0
DA:61,0
DA:62,0
DA:63,0
DA:66,0
DA:68,0
DA:69,0
DA:71,0
DA:72,0
DA:73,0
DA:74,0
DA:83,0
DA:84,0
DA:85,0
DA:86,0
DA:87,0
DA:88,0
DA:89,0
DA:90,0
LF:41
LH:0
BRDA:26,0,0,0
BRDA:26,1,0,0
BRDA:26,2,0,0
BRDA:29,3,0,0
BRDA:29,3,1,0
BRDA:30,4,0,0
BRDA:30,4,1,0
BRDA:41,5,0,0
BRDA:41,6,0,0
BRDA:41,7,0,0
BRDA:42,8,0,0
BRDA:42,8,1,0
BRDA:62,9,0,0
BRDA:62,9,1,0
BRDA:26,10,0,0
BRDA:26,11,0,0
BRDA:26,12,0,0
BRDA:29,13,0,0
BRDA:29,13,1,0
BRDA:30,14,0,0
BRDA:30,14,1,0
BRDA:41,15,0,0
BRDA:41,16,0,0
BRDA:41,17,0,0
BRDA:42,18,0,0
BRDA:42,18,1,0
BRDA:62,19,0,0
BRDA:62,19,1,0
BRF:28
BRH:0
end_of_record
TN:
SF:dimred/LTSA.js
FN:24,(anonymous_182)
FN:35,(anonymous_183)
FN:48,(anonymous_184)
FN:49,(anonymous_185)
FN:24,(anonymous_184)
FN:35,(anonymous_185)
FN:48,(anonymous_186)
FN:49,(anonymous_187)
FNF:8
FNH:0
FNDA:0,(anonymous_182)
FNDA:0,(anonymous_183)
FNDA:0,(anonymous_184)
FNDA:0,(anonymous_185)
FNDA:0,(anonymous_184)
FNDA:0,(anonymous_185)
FNDA:0,(anonymous_186)
FNDA:0,(anonymous_187)
DA:25,0
DA:26,0
DA:27,0
DA:28,0
DA:29,0
DA:36,0
DA:37,0
DA:38,0
DA:39,0
DA:41,0
DA:43,0
DA:44,0
DA:46,0
DA:48,0
DA:49,0
DA:51,0
DA:53,0
DA:54,0
DA:56,0
DA:58,0
DA:59,0
DA:60,0
DA:61,0
DA:67,0
DA:68,0
DA:71,0
LF:26
LH:0
BRDA:24,0,0,0
BRDA:24,1,0,0
BRDA:24,2,0,0
BRDA:28,3,0,0
BRDA:28,3,1,0
BRDA:27,4,0,0
BRDA:27,4,1,0
BRDA:61,5,0,0
BRDA:61,5,1,0
BRDA:24,6,0,0
BRDA:24,7,0,0
BRDA:24,8,0,0
BRDA:27,9,0,0
BRDA:27,9,1,0
BRDA:28,10,0,0
BRDA:28,10,1,0
BRDA:61,11,0,0
BRDA:61,11,1,0
BRF:18
BRH:0
end_of_record
TN:
SF:dimred/MDS.js
FN:22,(anonymous_153)
FN:31,(anonymous_154)
FN:41,(anonymous_155)
FN:52,(anonymous_156)
FN:60,(anonymous_157)
FN:22,(anonymous_155)
FN:31,(anonymous_156)
FN:52,(anonymous_158)
FNF:8
FNH:0
FNDA:0,(anonymous_153)
FNDA:0,(anonymous_154)
FNDA:0,(anonymous_155)
FNDA:0,(anonymous_156)
FNDA:0,(anonymous_157)
FNDA:0,(anonymous_155)
FNDA:0,(anonymous_156)
FNDA:0,(anonymous_158)
DA:23,0
DA:24,0
DA:32,0
DA:33,0
DA:34,0
DA:35,0
DA:36,0
DA:37,0
DA:38,0
DA:40,0
DA:41,0
DA:43,0
DA:44,0
DA:46,0
DA:53,0
DA:54,0
DA:55,0
DA:59,0
DA:60,0
DA:61,0
DA:63,0
DA:64,0
DA:65,0
DA:66,0
DA:67,0
DA:68,0
DA:71,0
LF:27
LH:0
BRDA:22,0,0,0
BRDA:22,1,0,0
BRDA:22,2,0,0
BRDA:35,3,0,0
BRDA:35,3,1,0
BRDA:61,4,0,0
BRDA:61,4,1,0
BRDA:22,5,0,0
BRDA:22,6,0,0
BRDA:22,7,0,0
BRDA:35,8,0,0
BRDA:35,8,1,0
BRDA:61,9,0,0
BRDA:61,9,1,0
BRF:14
BRH:0
end_of_record
TN:
SF:dimred/MLLE.js
FN:9,(anonymous_0)
FN:16,(anonymous_1)
FN:32,(anonymous_2)
FN:34,(anonymous_3)
FN:58,(anonymous_4)
FN:61,(anonymous_5)
FN:63,(anonymous_6)
FN:72,(anonymous_7)
FN:73,(anonymous_8)
FN:76,(anonymous_9)
FN:76,(anonymous_10)
FN:113,(anonymous_11)
FNF:12
FNH:0
FNDA:0,(anonymous_0)
FNDA:0,(anonymous_1)
FNDA:0,(anonymous_2)
FNDA:0,(anonymous_3)
FNDA:0,(anonymous_4)
FNDA:0,(anonymous_5)
FNDA:0,(anonymous_6)
FNDA:0,(anonymous_7)
FNDA:0,(anonymous_8)
FNDA:0,(anonymous_9)
FNDA:0,(anonymous_10)
FNDA:0,(anonymous_11)
DA:10,0
DA:11,0
DA:12,0
DA:13,0
DA:17,0
DA:18,0
DA:19,0
DA:20,0
DA:22,0
DA:23,0
DA:24,0
DA:25,0
DA:27,0
DA:28,0
DA:29,0
DA:31,0
DA:32,0
DA:33,0
DA:34,0
DA:35,0
DA:37,0
DA:39,0
DA:40,0
DA:41,0
DA:44,0
DA:45,0
DA:46,0
DA:47,0
DA:50,0
DA:51,0
DA:52,0
DA:53,0
DA:54,0
DA:58,0
DA:60,0
DA:61,0
DA:62,0
DA:63,0
DA:64,0
DA:71,0
DA:72,0
DA:73,0
DA:74,0
DA:75,0
DA:76,0
DA:77,0
DA:81,0
DA:82,0
DA:83,0
DA:84,0
DA:85,0
DA:86,0
DA:87,0
DA:88,0
DA:94,0
DA:96,0
DA:97,0
DA:98,0
DA:99,0
DA:106,0
DA:107,0
DA:110,0
DA:114,0
LF:63
LH:0
BRDA:9,0,0,0
BRDA:9,1,0,0
BRDA:71,2,0,0
BRDA:71,2,1,0
BRDA:72,3,0,0
BRDA:72,3,1,0
BRDA:85,4,0,0
BRDA:85,4,1,0
BRDA:99,5,0,0
BRDA:99,5,1,0
BRF:10
BRH:0
end_of_record
TN:
SF:dimred/OAP.js
FN:12,(anonymous_0)
FN:26,(anonymous_1)
FN:90,(anonymous_2)
FN:111,(anonymous_3)
FN:115,(anonymous_4)
FN:119,(anonymous_5)
FN:123,(anonymous_6)
FN:127,(anonymous_7)
FN:131,(anonymous_8)
FN:135,(anonymous_9)
FN:142,(anonymous_10)
FN:149,(anonymous_11)
FN:157,(anonymous_12)
FN:172,(anonymous_13)
FN:214,(anonymous_14)
FN:218,(anonymous_15)
FN:228,(anonymous_16)
FN:244,(anonymous_17)
FNF:18
FNH:0
FNDA:0,(anonymous_0)
FNDA:0,(anonymous_1)
FNDA:0,(anonymous_2)
FNDA:0,(anonymous_3)
FNDA:0,(anonymous_4)
FNDA:0,(anonymous_5)
FNDA:0,(anonymous_6)
FNDA:0,(anonymous_7)
FNDA:0,(anonymous_8)
FNDA:0,(anonymous_9)
FNDA:0,(anonymous_10)
FNDA:0,(anonymous_11)
FNDA:0,(anonymous_12)
FNDA:0,(anonymous_13)
FNDA:0,(anonymous_14)
FNDA:0,(anonymous_15)
FNDA:0,(anonymous_16)
FNDA:0,(anonymous_17)
DA:13,0
DA:14,0
DA:15,0
DA:16,0
DA:17,0
DA:18,0
DA:19,0
DA:20,0
DA:21,0
DA:22,0
DA:23,0
DA:27,0
DA:28,0
DA:29,0
DA:30,0
DA:31,0
DA:32,0
DA:68,0
DA:71,0
DA:72,0
DA:73,0
DA:74,0
DA:75,0
DA:76,0
DA:79,0
DA:80,0
DA:81,0
DA:85,0
DA:86,0
DA:91,0
DA:93,0
DA:95,0
DA:98,0
DA:105,0
DA:106,0
DA:108,0
DA:112,0
DA:116,0
DA:120,0
DA:124,0
DA:128,0
DA:132,0
DA:136,0
DA:137,0
DA:139,0
DA:143,0
DA:144,0
DA:145,0
DA:150,0
DA:151,0
DA:152,0
DA:153,0
DA:154,0
DA:156,0
DA:157,0
DA:158,0
DA:159,0
DA:160,0
DA:161,0
DA:162,0
DA:163,0
DA:166,0
DA:167,0
DA:169,0
DA:173,0
DA:174,0
DA:175,0
DA:176,0
DA:177,0
DA:178,0
DA:179,0
DA:180,0
DA:181,0
DA:183,0
DA:185,0
DA:186,0
DA:188,0
DA:213,0
DA:214,0
DA:215,0
DA:217,0
DA:218,0
DA:219,0
DA:220,0
DA:222,0
DA:223,0
DA:225,0
DA:228,0
DA:230,0
DA:231,0
DA:232,0
DA:233,0
DA:234,0
DA:235,0
DA:239,0
DA:241,0
DA:245,0
LF:97
LH:0
BRDA:12,0,0,0
BRDA:12,1,0,0
BRDA:12,2,0,0
BRDA:26,3,0,0
BRDA:31,4,0,0
BRDA:31,4,1,0
BRDA:68,5,0,0
BRDA:68,5,1,0
BRDA:75,6,0,0
BRDA:75,6,1,0
BRDA:80,7,0,0
BRDA:80,7,1,0
BRDA:135,8,0,0
BRDA:183,9,0,0
BRDA:183,9,1,0
BRDA:215,10,0,0
BRDA:215,10,1,0
BRDA:219,11,0,0
BRDA:219,11,1,0
BRDA:220,12,0,0
BRDA:220,12,1,0
BRF:21
BRH:0
end_of_record
TN:
SF:dimred/PCA.js
FN:19,(anonymous_151)
FN:27,(anonymous_152)
FN:19,(anonymous_153)
FN:27,(anonymous_154)
FNF:4
FNH:0
FNDA:0,(anonymous_151)
FNDA:0,(anonymous_152)
FNDA:0,(anonymous_153)
FNDA:0,(anonymous_154)
DA:20,0
DA:21,0
DA:28,0
DA:29,0
DA:30,0
DA:31,0
DA:33,0
DA:34,0
DA:35,0
DA:36,0
DA:37,0
LF:11
LH:0
BRDA:19,0,0,0
BRDA:19,1,0,0
BRF:2
BRH:0
end_of_record
TN:
SF:dimred/SAMMON.js
FN:23,(anonymous_333)
FN:34,(anonymous_334)
FN:40,(anonymous_335)
FN:53,(anonymous_336)
FN:71,(anonymous_337)
FN:79,(anonymous_338)
FN:90,(anonymous_339)
FN:23,(anonymous_336)
FN:34,(anonymous_337)
FN:53,(anonymous_339)
FN:71,(anonymous_340)
FN:79,(anonymous_341)
FN:90,(anonymous_342)
FNF:13
FNH:0
FNDA:0,(anonymous_333)
FNDA:0,(anonymous_334)
FNDA:0,(anonymous_335)
FNDA:0,(anonymous_336)
FNDA:0,(anonymous_337)
FNDA:0,(anonymous_338)
FNDA:0,(anonymous_339)
FNDA:0,(anonymous_336)
FNDA:0,(anonymous_337)
FNDA:0,(anonymous_339)
FNDA:0,(anonymous_340)
FNDA:0,(anonymous_341)
FNDA:0,(anonymous_342)
DA:24,0
DA:25,0
DA:26,0
DA:27,0
DA:28,0
DA:35,0
DA:36,0
DA:38,0
DA:39,0
DA:40,0
DA:41,0
DA:42,0
DA:44,0
DA:45,0
DA:54,0
DA:55,0
DA:56,0
DA:57,0
DA:58,0
DA:59,0
DA:60,0
DA:61,0
DA:62,0
DA:65,0
DA:72,0
DA:73,0
DA:74,0
DA:76,0
DA:80,0
DA:82,0
DA:83,0
DA:84,0
DA:87,0
DA:91,0
DA:92,0
DA:93,0
DA:94,0
DA:95,0
DA:96,0
DA:98,0
DA:100,0
DA:101,0
DA:102,0
DA:103,0
DA:104,0
DA:105,0
DA:106,0
DA:107,0
DA:108,0
DA:109,0
DA:110,0
DA:112,0
DA:113,0
DA:114,0
DA:115,0
DA:116,0
DA:117,0
DA:118,0
DA:121,0
DA:122,0
DA:123,0
DA:124,0
DA:127,0
DA:128,0
DA:131,0
DA:132,0
DA:133,0
DA:136,0
LF:68
LH:0
BRDA:23,0,0,0
BRDA:23,1,0,0
BRDA:23,2,0,0
BRDA:23,3,0,0
BRDA:34,4,0,0
BRDA:34,5,0,0
BRDA:38,6,0,0
BRDA:38,6,1,0
BRDA:41,7,0,0
BRDA:41,7,1,0
BRDA:44,8,0,0
BRDA:44,8,1,0
BRDA:60,9,0,0
BRDA:60,9,1,0
BRDA:71,10,0,0
BRDA:72,11,0,0
BRDA:72,11,1,0
BRDA:79,12,0,0
BRDA:80,13,0,0
BRDA:80,13,1,0
BRDA:106,14,0,0
BRDA:106,14,1,0
BRDA:122,15,0,0
BRDA:122,15,1,0
BRDA:23,16,0,0
BRDA:23,17,0,0
BRDA:23,18,0,0
BRDA:23,19,0,0
BRDA:34,20,0,0
BRDA:34,21,0,0
BRDA:38,22,0,0
BRDA:38,22,1,0
BRDA:41,23,0,0
BRDA:41,23,1,0
BRDA:44,24,0,0
BRDA:44,24,1,0
BRDA:60,25,0,0
BRDA:60,25,1,0
BRDA:71,26,0,0
BRDA:72,27,0,0
BRDA:72,27,1,0
BRDA:79,28,0,0
BRDA:80,29,0,0
BRDA:80,29,1,0
BRDA:106,30,0,0
BRDA:106,30,1,0
BRDA:122,31,0,0
BRDA:122,31,1,0
BRF:48
BRH:0
end_of_record
TN:
SF:dimred/TSNE.js
FN:24,(anonymous_186)
FN:31,(anonymous_187)
FN:40,(anonymous_188)
FN:131,(anonymous_189)
FN:144,(anonymous_190)
FN:158,(anonymous_191)
FN:24,(anonymous_188)
FN:40,(anonymous_190)
FN:131,(anonymous_191)
FN:144,(anonymous_192)
FN:158,(anonymous_193)
FNF:11
FNH:0
FNDA:0,(anonymous_186)
FNDA:0,(anonymous_187)
FNDA:0,(anonymous_188)
FNDA:0,(anonymous_189)
FNDA:0,(anonymous_190)
FNDA:0,(anonymous_191)
FNDA:0,(anonymous_188)
FNDA:0,(anonymous_190)
FNDA:0,(anonymous_191)
FNDA:0,(anonymous_192)
FNDA:0,(anonymous_193)
DA:25,0
DA:26,0
DA:27,0
DA:28,0
DA:29,0
DA:30,0
DA:31,0
DA:32,0
DA:42,0
DA:43,0
DA:44,0
DA:45,0
DA:46,0
DA:48,0
DA:49,0
DA:51,0
DA:52,0
DA:53,0
DA:54,0
DA:55,0
DA:56,0
DA:57,0
DA:63,0
DA:65,0
DA:66,0
DA:69,0
DA:70,0
DA:71,0
DA:72,0
DA:73,0
DA:74,0
DA:75,0
DA:76,0
DA:78,0
DA:79,0
DA:80,0
DA:81,0
DA:82,0
DA:83,0
DA:84,0
DA:85,0
DA:87,0
DA:88,0
DA:89,0
DA:90,0
DA:91,0
DA:92,0
DA:95,0
DA:96,0
DA:97,0
DA:99,0
DA:100,0
DA:102,0
DA:103,0
DA:104,0
DA:107,0
DA:108,0
DA:113,0
DA:114,0
DA:115,0
DA:116,0
DA:117,0
DA:118,0
DA:119,0
DA:122,0
DA:123,0
DA:132,0
DA:133,0
DA:134,0
DA:136,0
DA:145,0
DA:146,0
DA:147,0
DA:148,0
DA:150,0
DA:159,0
DA:160,0
DA:161,0
DA:162,0
DA:163,0
DA:164,0
DA:165,0
DA:166,0
DA:169,0
DA:172,0
DA:173,0
DA:174,0
DA:175,0
DA:176,0
DA:177,0
DA:178,0
DA:179,0
DA:181,0
DA:182,0
DA:183,0
DA:184,0
DA:189,0
DA:190,0
DA:191,0
DA:192,0
DA:193,0
DA:194,0
DA:198,0
DA:199,0
DA:200,0
DA:201,0
DA:202,0
DA:203,0
DA:209,0
DA:210,0
DA:211,0
DA:212,0
DA:213,0
DA:214,0
DA:216,0
DA:217,0
DA:218,0
DA:220,0
DA:221,0
DA:222,0
DA:224,0
DA:225,0
DA:229,0
DA:230,0
DA:231,0
DA:235,0
LF:126
LH:0
BRDA:24,0,0,0
BRDA:24,1,0,0
BRDA:24,2,0,0
BRDA:24,3,0,0
BRDA:24,4,0,0
BRDA:40,5,0,0
BRDA:48,6,0,0
BRDA:48,6,1,0
BRDA:83,7,0,0
BRDA:83,7,1,0
BRDA:89,8,0,0
BRDA:89,8,1,0
BRDA:91,9,0,0
BRDA:91,9,1,0
BRDA:95,10,0,0
BRDA:95,10,1,0
BRDA:97,11,0,0
BRDA:97,11,1,0
BRDA:100,12,0,0
BRDA:100,12,1,0
BRDA:103,13,0,0
BRDA:103,13,1,0
BRDA:104,14,0,0
BRDA:104,14,1,0
BRDA:131,15,0,0
BRDA:144,16,0,0
BRDA:169,17,0,0
BRDA:169,17,1,0
BRDA:216,18,0,0
BRDA:216,18,1,0
BRDA:217,19,0,0
BRDA:217,19,1,0
BRDA:220,20,0,0
BRDA:220,20,1,0
BRDA:24,21,0,0
BRDA:24,22,0,0
BRDA:24,23,0,0
BRDA:24,24,0,0
BRDA:24,25,0,0
BRDA:40,26,0,0
BRDA:48,27,0,0
BRDA:48,27,1,0
BRDA:83,28,0,0
BRDA:83,28,1,0
BRDA:89,29,0,0
BRDA:89,29,1,0
BRDA:91,30,0,0
BRDA:91,30,1,0
BRDA:95,31,0,0
BRDA:95,31,1,0
BRDA:97,32,0,0
BRDA:97,32,1,0
BRDA:100,33,0,0
BRDA:100,33,1,0
BRDA:103,34,0,0
BRDA:103,34,1,0
BRDA:104,35,0,0
BRDA:104,35,1,0
BRDA:131,36,0,0
BRDA:144,37,0,0
BRDA:169,38,0,0
BRDA:169,38,1,0
BRDA:216,39,0,0
BRDA:216,39,1,0
BRDA:217,40,0,0
BRDA:217,40,1,0
BRDA:220,41,0,0
BRDA:220,41,1,0
BRF:68
BRH:0
end_of_record
TN:
SF:dimred/TopoMap.js
FN:25,(anonymous_315)
FN:36,(anonymous_316)
FN:55,(anonymous_317)
FN:67,(anonymous_318)
FN:78,(anonymous_319)
FN:84,(anonymous_320)
FN:99,(anonymous_321)
FN:110,(anonymous_322)
FN:111,(anonymous_323)
FN:141,(anonymous_324)
FN:164,(anonymous_325)
FN:213,(anonymous_326)
FN:228,(anonymous_327)
FN:244,(anonymous_328)
FN:261,(anonymous_329)
FN:266,(anonymous_330)
FN:282,(anonymous_331)
FN:287,(anonymous_332)
FN:25,(anonymous_318)
FN:36,(anonymous_319)
FN:55,(anonymous_320)
FN:84,(anonymous_323)
FN:99,(anonymous_324)
FN:110,(anonymous_325)
FN:111,(anonymous_326)
FN:141,(anonymous_327)
FN:164,(anonymous_328)
FN:213,(anonymous_329)
FN:228,(anonymous_330)
FN:244,(anonymous_331)
FN:261,(anonymous_332)
FN:282,(anonymous_334)
FNF:32
FNH:0
FNDA:0,(anonymous_315)
FNDA:0,(anonymous_316)
FNDA:0,(anonymous_317)
FNDA:0,(anonymous_318)
FNDA:0,(anonymous_319)
FNDA:0,(anonymous_320)
FNDA:0,(anonymous_321)
FNDA:0,(anonymous_322)
FNDA:0,(anonymous_323)
FNDA:0,(anonymous_324)
FNDA:0,(anonymous_325)
FNDA:0,(anonymous_326)
FNDA:0,(anonymous_327)
FNDA:0,(anonymous_328)
FNDA:0,(anonymous_329)
FNDA:0,(anonymous_330)
FNDA:0,(anonymous_331)
FNDA:0,(anonymous_332)
FNDA:0,(anonymous_318)
FNDA:0,(anonymous_319)
FNDA:0,(anonymous_320)
FNDA:0,(anonymous_323)
FNDA:0,(anonymous_324)
FNDA:0,(anonymous_325)
FNDA:0,(anonymous_326)
FNDA:0,(anonymous_327)
FNDA:0,(anonymous_328)
FNDA:0,(anonymous_329)
FNDA:0,(anonymous_330)
FNDA:0,(anonymous_331)
FNDA:0,(anonymous_332)
FNDA:0,(anonymous_334)
DA:26,0
DA:27,0
DA:28,0
DA:29,0
DA:30,0
DA:37,0
DA:38,0
DA:39,0
DA:40,0
DA:41,0
DA:42,0
DA:43,0
DA:44,0
DA:46,0
DA:56,0
DA:57,0
DA:59,0
DA:60,0
DA:61,0
DA:62,0
DA:63,0
DA:64,0
DA:67,0
DA:69,0
DA:70,0
DA:71,0
DA:72,0
DA:73,0
DA:74,0
DA:78,0
DA:85,0
DA:86,0
DA:87,0
DA:88,0
DA:100,0
DA:111,0
DA:112,0
DA:113,0
DA:115,0
DA:116,0
DA:117,0
DA:118,0
DA:120,0
DA:122,0
DA:123,0
DA:124,0
DA:125,0
DA:127,0
DA:129,0
DA:130,0
DA:131,0
DA:142,0
DA:143,0
DA:144,0
DA:148,0
DA:149,0
DA:150,0
DA:151,0
DA:152,0
DA:165,0
DA:167,0
DA:168,0
DA:169,0
DA:170,0
DA:171,0
DA:173,0
DA:174,0
DA:175,0
DA:182,0
DA:183,0
DA:184,0
DA:186,0
DA:187,0
DA:188,0
DA:191,0
DA:196,0
DA:197,0
DA:198,0
DA:199,0
DA:201,0
DA:202,0
DA:205,0
DA:214,0
DA:215,0
DA:216,0
DA:217,0
DA:218,0
DA:229,0
DA:230,0
DA:231,0
DA:232,0
DA:233,0
DA:234,0
DA:245,0
DA:246,0
DA:248,0
DA:249,0
DA:251,0
DA:252,0
DA:254,0
DA:255,0
DA:262,0
DA:263,0
DA:264,0
DA:265,0
DA:267,0
DA:268,0
DA:272,0
DA:273,0
DA:274,0
DA:275,0
DA:276,0
DA:277,0
DA:279,0
DA:283,0
DA:284,0
DA:285,0
DA:286,0
DA:288,0
DA:289,0
DA:293,0
DA:294,0
DA:295,0
DA:296,0
DA:297,0
DA:298,0
DA:305,0
DA:307,0
LF:128
LH:0
BRDA:25,0,0,0
BRDA:25,1,0,0
BRDA:25,2,0,0
BRDA:40,3,0,0
BRDA:40,3,1,0
BRDA:55,4,0,0
BRDA:72,5,0,0
BRDA:72,5,1,0
BRDA:111,6,0,0
BRDA:111,6,1,0
BRDA:113,7,0,0
BRDA:113,7,1,0
BRDA:117,8,0,0
BRDA:117,8,1,0
BRDA:124,9,0,0
BRDA:124,9,1,0
BRDA:143,10,0,0
BRDA:143,10,1,0
BRDA:151,11,0,0
BRDA:151,11,1,0
BRDA:168,12,0,0
BRDA:168,12,1,0
BRDA:168,12,2,NaN
BRDA:182,13,0,0
BRDA:182,13,1,0
BRDA:186,14,0,0
BRDA:186,14,1,0
BRDA:196,15,0,0
BRDA:196,15,1,0
BRDA:262,16,0,0
BRDA:262,16,1,0
BRDA:275,17,0,0
BRDA:275,17,1,0
BRDA:283,18,0,0
BRDA:283,18,1,0
BRDA:296,19,0,0
BRDA:296,19,1,0
BRDA:25,20,0,0
BRDA:25,20,1,0
BRDA:25,21,0,0
BRDA:25,22,0,0
BRDA:40,23,0,0
BRDA:40,23,1,0
BRDA:55,24,0,0
BRDA:72,25,0,0
BRDA:72,25,1,0
BRDA:111,26,0,0
BRDA:111,26,1,0
BRDA:113,27,0,0
BRDA:113,27,1,0
BRDA:117,28,0,0
BRDA:117,28,1,0
BRDA:124,29,0,0
BRDA:124,29,1,0
BRDA:143,30,0,0
BRDA:143,30,1,0
BRDA:151,31,0,0
BRDA:151,31,1,0
BRDA:169,32,0,0
BRDA:169,32,1,0
BRDA:173,33,0,0
BRDA:173,33,1,0
BRDA:182,34,0,0
BRDA:182,34,1,0
BRDA:186,35,0,0
BRDA:186,35,1,0
BRDA:196,36,0,0
BRDA:196,36,1,0
BRDA:262,37,0,0
BRDA:262,37,1,0
BRDA:275,38,0,0
BRDA:275,38,1,0
BRDA:283,39,0,0
BRDA:283,39,1,0
BRDA:296,40,0,0
BRDA:296,40,1,0
BRF:76
BRH:0
end_of_record
TN:
SF:dimred/TriMap.js
FN:28,(anonymous_221)
FN:41,(anonymous_222)
FN:69,(anonymous_223)
FN:81,(anonymous_224)
FN:82,(anonymous_225)
FN:83,(anonymous_226)
FN:146,(anonymous_227)
FN:148,(anonymous_228)
FN:162,(anonymous_229)
FN:167,(anonymous_230)
FN:189,(anonymous_231)
FN:191,(anonymous_232)
FN:192,(anonymous_233)
FN:193,(anonymous_234)
FN:203,(anonymous_235)
FN:205,(anonymous_236)
FN:218,(anonymous_237)
FN:239,(anonymous_238)
FN:276,(anonymous_239)
FN:340,(anonymous_240)
FN:352,(anonymous_241)
FN:366,(anonymous_242)
FN:385,(anonymous_243)
FN:28,(anonymous_224)
FN:41,(anonymous_225)
FN:69,(anonymous_226)
FN:81,(anonymous_227)
FN:146,(anonymous_230)
FN:162,(anonymous_232)
FN:167,(anonymous_233)
FN:189,(anonymous_234)
FN:193,(anonymous_237)
FN:203,(anonymous_238)
FN:205,(anonymous_239)
FN:218,(anonymous_240)
FN:239,(anonymous_241)
FN:276,(anonymous_242)
FN:340,(anonymous_243)
FN:352,(anonymous_244)
FN:366,(anonymous_245)
FN:385,(anonymous_246)
FNF:41
FNH:0
FNDA:0,(anonymous_221)
FNDA:0,(anonymous_222)
FNDA:0,(anonymous_223)
FNDA:0,(anonymous_224)
FNDA:0,(anonymous_225)
FNDA:0,(anonymous_226)
FNDA:0,(anonymous_227)
FNDA:0,(anonymous_228)
FNDA:0,(anonymous_229)
FNDA:0,(anonymous_230)
FNDA:0,(anonymous_231)
FNDA:0,(anonymous_232)
FNDA:0,(anonymous_233)
FNDA:0,(anonymous_234)
FNDA:0,(anonymous_235)
FNDA:0,(anonymous_236)
FNDA:0,(anonymous_237)
FNDA:0,(anonymous_238)
FNDA:0,(anonymous_239)
FNDA:0,(anonymous_240)
FNDA:0,(anonymous_241)
FNDA:0,(anonymous_242)
FNDA:0,(anonymous_243)
FNDA:0,(anonymous_224)
FNDA:0,(anonymous_225)
FNDA:0,(anonymous_226)
FNDA:0,(anonymous_227)
FNDA:0,(anonymous_230)
FNDA:0,(anonymous_232)
FNDA:0,(anonymous_233)
FNDA:0,(anonymous_234)
FNDA:0,(anonymous_237)
FNDA:0,(anonymous_238)
FNDA:0,(anonymous_239)
FNDA:0,(anonymous_240)
FNDA:0,(anonymous_241)
FNDA:0,(anonymous_242)
FNDA:0,(anonymous_243)
FNDA:0,(anonymous_244)
FNDA:0,(anonymous_245)
FNDA:0,(anonymous_246)
DA:29,0
DA:30,0
DA:31,0
DA:32,0
DA:33,0
DA:42,0
DA:43,0
DA:44,0
DA:45,0
DA:46,0
DA:47,0
DA:48,0
DA:49,0
DA:50,0
DA:51,0
DA:52,0
DA:53,0
DA:54,0
DA:55,0
DA:56,0
DA:57,0
DA:58,0
DA:59,0
DA:60,0
DA:70,0
DA:71,0
DA:72,0
DA:73,0
DA:74,0
DA:75,0
DA:76,0
DA:77,0
DA:78,0
DA:79,0
DA:81,0
DA:82,0
DA:84,0
DA:85,0
DA:89,0
DA:90,0
DA:91,0
DA:99,0
DA:101,0
DA:102,0
DA:103,0
DA:104,0
DA:105,0
DA:106,0
DA:107,0
DA:109,0
DA:111,0
DA:112,0
DA:113,0
DA:114,0
DA:116,0
DA:117,0
DA:118,0
DA:119,0
DA:120,0
DA:122,0
DA:123,0
DA:124,0
DA:125,0
DA:126,0
DA:127,0
DA:129,0
DA:130,0
DA:132,0
DA:147,0
DA:148,0
DA:149,0
DA:163,0
DA:164,0
DA:165,0
DA:166,0
DA:167,0
DA:168,0
DA:169,0
DA:170,0
DA:171,0
DA:172,0
DA:173,0
DA:174,0
DA:175,0
DA:176,0
DA:177,0
DA:181,0
DA:190,0
DA:191,0
DA:192,0
DA:193,0
DA:204,0
DA:205,0
DA:206,0
DA:219,0
DA:220,0
DA:221,0
DA:222,0
DA:223,0
DA:224,0
DA:225,0
DA:226,0
DA:227,0
DA:229,0
DA:240,0
DA:241,0
DA:242,0
DA:243,0
DA:244,0
DA:245,0
DA:246,0
DA:247,0
DA:248,0
DA:249,0
DA:250,0
DA:251,0
DA:252,0
DA:253,0
DA:255,0
DA:256,0
DA:257,0
DA:259,0
DA:260,0
DA:261,0
DA:262,0
DA:263,0
DA:266,0
DA:277,0
DA:278,0
DA:279,0
DA:280,0
DA:281,0
DA:282,0
DA:283,0
DA:284,0
DA:285,0
DA:286,0
DA:287,0
DA:288,0
DA:289,0
DA:290,0
DA:292,0
DA:293,0
DA:295,0
DA:296,0
DA:297,0
DA:298,0
DA:299,0
DA:300,0
DA:301,0
DA:302,0
DA:303,0
DA:304,0
DA:305,0
DA:309,0
DA:310,0
DA:311,0
DA:312,0
DA:313,0
DA:314,0
DA:318,0
DA:319,0
DA:320,0
DA:321,0
DA:322,0
DA:323,0
DA:324,0
DA:325,0
DA:326,0
DA:329,0
DA:341,0
DA:342,0
DA:343,0
DA:345,0
DA:353,0
DA:354,0
DA:355,0
DA:356,0
DA:358,0
DA:367,0
DA:368,0
DA:369,0
DA:370,0
DA:371,0
DA:372,0
DA:373,0
DA:374,0
DA:375,0
DA:386,0
DA:387,0
DA:388,0
DA:389,0
DA:390,0
DA:391,0
DA:392,0
DA:393,0
DA:394,0
DA:395,0
DA:396,0
DA:397,0
DA:400,0
LF:201
LH:0
BRDA:28,0,0,0
BRDA:28,1,0,0
BRDA:28,2,0,0
BRDA:28,3,0,0
BRDA:28,4,0,0
BRDA:41,5,0,0
BRDA:41,6,0,0
BRDA:50,7,0,0
BRDA:50,7,1,0
BRDA:51,8,0,0
BRDA:51,8,1,0
BRDA:111,9,0,0
BRDA:111,9,1,0
BRDA:119,10,0,0
BRDA:119,10,1,0
BRDA:120,11,0,0
BRDA:120,11,1,0
BRDA:127,12,0,0
BRDA:127,12,1,0
BRDA:226,13,0,0
BRDA:226,13,1,0
BRDA:251,14,0,0
BRDA:251,14,1,0
BRDA:253,15,0,0
BRDA:253,15,1,0
BRDA:255,16,0,0
BRDA:255,16,1,0
BRDA:295,17,0,0
BRDA:295,17,1,0
BRDA:295,18,0,0
BRDA:295,18,1,0
BRDA:318,19,0,0
BRDA:318,19,1,0
BRDA:340,20,0,0
BRDA:367,21,0,0
BRDA:367,21,1,0
BRDA:374,22,0,0
BRDA:374,22,1,0
BRDA:387,23,0,0
BRDA:387,23,1,0
BRDA:394,24,0,0
BRDA:394,24,1,0
BRDA:28,25,0,0
BRDA:28,26,0,0
BRDA:28,27,0,0
BRDA:28,28,0,0
BRDA:28,29,0,0
BRDA:41,30,0,0
BRDA:41,31,0,0
BRDA:50,32,0,0
BRDA:50,32,1,0
BRDA:51,33,0,0
BRDA:51,33,1,0
BRDA:111,34,0,0
BRDA:111,34,1,0
BRDA:119,35,0,0
BRDA:119,35,1,0
BRDA:120,36,0,0
BRDA:120,36,1,0
BRDA:127,37,0,0
BRDA:127,37,1,0
BRDA:226,38,0,0
BRDA:226,38,1,0
BRDA:251,39,0,0
BRDA:251,39,1,0
BRDA:253,40,0,0
BRDA:253,40,1,0
BRDA:255,41,0,0
BRDA:255,41,1,0
BRDA:295,42,0,0
BRDA:295,42,1,0
BRDA:295,43,0,0
BRDA:295,43,1,0
BRDA:318,44,0,0
BRDA:318,44,1,0
BRDA:340,45,0,0
BRDA:367,46,0,0
BRDA:367,46,1,0
BRDA:374,47,0,0
BRDA:374,47,1,0
BRDA:387,48,0,0
BRDA:387,48,1,0
BRDA:394,49,0,0
BRDA:394,49,1,0
BRDA:295,50,0,0
BRDA:295,50,1,0
BRF:86
BRH:0
end_of_record
TN:
SF:dimred/UMAP.js
FN:32,(anonymous_193)
FN:47,(anonymous_194)
FN:57,(anonymous_195)
FN:67,(anonymous_196)
FN:68,(anonymous_197)
FN:69,(anonymous_198)
FN:82,(anonymous_199)
FN:98,(anonymous_200)
FN:127,(anonymous_201)
FN:164,(anonymous_202)
FN:171,(anonymous_203)
FN:171,(anonymous_204)
FN:191,(anonymous_205)
FN:218,(anonymous_206)
FN:222,(anonymous_207)
FN:233,(anonymous_208)
FN:259,(anonymous_209)
FN:269,(anonymous_210)
FN:275,(anonymous_211)
FN:279,(anonymous_212)
FN:283,(anonymous_213)
FN:287,(anonymous_214)
FN:291,(anonymous_215)
FN:301,(anonymous_216)
FN:319,(anonymous_217)
FN:337,(anonymous_218)
FN:352,(anonymous_219)
FN:419,(anonymous_220)
FN:32,(anonymous_195)
FN:57,(anonymous_197)
FN:58,(anonymous_198)
FN:67,(anonymous_199)
FN:69,(anonymous_201)
FN:82,(anonymous_202)
FN:98,(anonymous_203)
FN:127,(anonymous_204)
FN:191,(anonymous_208)
FN:218,(anonymous_209)
FN:222,(anonymous_210)
FN:233,(anonymous_211)
FN:259,(anonymous_212)
FN:269,(anonymous_213)
FN:275,(anonymous_214)
FN:279,(anonymous_215)
FN:283,(anonymous_216)
FN:287,(anonymous_217)
FN:291,(anonymous_218)
FN:301,(anonymous_219)
FN:319,(anonymous_220)
FN:337,(anonymous_221)
FN:352,(anonymous_222)
FN:419,(anonymous_223)
FNF:52
FNH:0
FNDA:0,(anonymous_193)
FNDA:0,(anonymous_194)
FNDA:0,(anonymous_195)
FNDA:0,(anonymous_196)
FNDA:0,(anonymous_197)
FNDA:0,(anonymous_198)
FNDA:0,(anonymous_199)
FNDA:0,(anonymous_200)
FNDA:0,(anonymous_201)
FNDA:0,(anonymous_202)
FNDA:0,(anonymous_203)
FNDA:0,(anonymous_204)
FNDA:0,(anonymous_205)
FNDA:0,(anonymous_206)
FNDA:0,(anonymous_207)
FNDA:0,(anonymous_208)
FNDA:0,(anonymous_209)
FNDA:0,(anonymous_210)
FNDA:0,(anonymous_211)
FNDA:0,(anonymous_212)
FNDA:0,(anonymous_213)
FNDA:0,(anonymous_214)
FNDA:0,(anonymous_215)
FNDA:0,(anonymous_216)
FNDA:0,(anonymous_217)
FNDA:0,(anonymous_218)
FNDA:0,(anonymous_219)
FNDA:0,(anonymous_220)
FNDA:0,(anonymous_195)
FNDA:0,(anonymous_197)
FNDA:0,(anonymous_198)
FNDA:0,(anonymous_199)
FNDA:0,(anonymous_201)
FNDA:0,(anonymous_202)
FNDA:0,(anonymous_203)
FNDA:0,(anonymous_204)
FNDA:0,(anonymous_208)
FNDA:0,(anonymous_209)
FNDA:0,(anonymous_210)
FNDA:0,(anonymous_211)
FNDA:0,(anonymous_212)
FNDA:0,(anonymous_213)
FNDA:0,(anonymous_214)
FNDA:0,(anonymous_215)
FNDA:0,(anonymous_216)
FNDA:0,(anonymous_217)
FNDA:0,(anonymous_218)
FNDA:0,(anonymous_219)
FNDA:0,(anonymous_220)
FNDA:0,(anonymous_221)
FNDA:0,(anonymous_222)
FNDA:0,(anonymous_223)
DA:33,0
DA:34,0
DA:35,0
DA:36,0
DA:37,0
DA:38,0
DA:39,0
DA:40,0
DA:41,0
DA:42,0
DA:43,0
DA:44,0
DA:45,0
DA:46,0
DA:47,0
DA:48,0
DA:58,0
DA:59,0
DA:60,0
DA:62,0
DA:63,0
DA:64,0
DA:67,0
DA:68,0
DA:69,0
DA:72,0
DA:83,0
DA:84,0
DA:85,0
DA:86,0
DA:89,0
DA:99,0
DA:100,0
DA:101,0
DA:102,0
DA:103,0
DA:104,0
DA:105,0
DA:106,0
DA:107,0
DA:110,0
DA:111,0
DA:112,0
DA:113,0
DA:116,0
DA:117,0
DA:121,0
DA:122,0
DA:123,0
DA:124,0
DA:126,0
DA:127,0
DA:128,0
DA:129,0
DA:130,0
DA:131,0
DA:132,0
DA:133,0
DA:134,0
DA:135,0
DA:138,0
DA:140,0
DA:141,0
DA:143,0
DA:144,0
DA:145,0
DA:146,0
DA:147,0
DA:149,0
DA:150,0
DA:152,0
DA:153,0
DA:155,0
DA:156,0
DA:158,0
DA:162,0
DA:164,0
DA:166,0
DA:167,0
DA:168,0
DA:171,0
DA:172,0
DA:173,0
DA:178,0
DA:192,0
DA:193,0
DA:194,0
DA:195,0
DA:196,0
DA:197,0
DA:198,0
DA:199,0
DA:200,0
DA:201,0
DA:204,0
DA:205,0
DA:206,0
DA:219,0
DA:220,0
DA:221,0
DA:222,0
DA:223,0
DA:224,0
DA:225,0
DA:234,0
DA:235,0
DA:236,0
DA:237,0
DA:238,0
DA:239,0
DA:240,0
DA:241,0
DA:242,0
DA:243,0
DA:244,0
DA:248,0
DA:260,0
DA:261,0
DA:262,0
DA:263,0
DA:264,0
DA:265,0
DA:266,0
DA:267,0
DA:268,0
DA:269,0
DA:270,0
DA:271,0
DA:272,0
DA:276,0
DA:280,0
DA:284,0
DA:288,0
DA:292,0
DA:293,0
DA:302,0
DA:303,0
DA:304,0
DA:306,0
DA:307,0
DA:308,0
DA:310,0
DA:320,0
DA:321,0
DA:322,0
DA:324,0
DA:325,0
DA:326,0
DA:327,0
DA:329,0
DA:338,0
DA:339,0
DA:340,0
DA:364,0
DA:365,0
DA:367,0
DA:368,0
DA:369,0
DA:370,0
DA:371,0
DA:372,0
DA:373,0
DA:374,0
DA:375,0
DA:376,0
DA:378,0
DA:379,0
DA:380,0
DA:381,0
DA:382,0
DA:383,0
DA:384,0
DA:385,0
DA:387,0
DA:388,0
DA:389,0
DA:390,0
DA:391,0
DA:392,0
DA:393,0
DA:394,0
DA:395,0
DA:396,0
DA:397,0
DA:399,0
DA:400,0
DA:401,0
DA:402,0
DA:403,0
DA:404,0
DA:405,0
DA:406,0
DA:409,0
DA:412,0
DA:420,0
DA:421,0
DA:423,0
DA:424,0
DA:426,0
LF:199
LH:0
BRDA:32,0,0,0
BRDA:32,1,0,0
BRDA:32,2,0,0
BRDA:32,3,0,0
BRDA:32,4,0,0
BRDA:32,5,0,0
BRDA:64,6,0,0
BRDA:64,6,1,0
BRDA:86,7,0,0
BRDA:86,7,1,0
BRDA:111,8,0,0
BRDA:111,8,1,0
BRDA:129,9,0,0
BRDA:129,9,1,0
BRDA:132,10,0,0
BRDA:132,10,1,0
BRDA:134,11,0,0
BRDA:134,11,1,0
BRDA:140,12,0,0
BRDA:140,12,1,0
BRDA:147,13,0,0
BRDA:147,13,1,0
BRDA:149,14,0,0
BRDA:149,14,1,0
BRDA:152,15,0,0
BRDA:152,15,1,0
BRDA:155,16,0,0
BRDA:155,16,1,0
BRDA:166,17,0,0
BRDA:166,17,1,0
BRDA:167,18,0,0
BRDA:167,18,1,0
BRDA:172,19,0,0
BRDA:172,19,1,0
BRDA:194,20,0,0
BRDA:194,20,1,0
BRDA:224,21,0,0
BRDA:224,21,1,0
BRDA:241,22,0,0
BRDA:241,22,1,0
BRDA:301,23,0,0
BRDA:302,24,0,0
BRDA:302,24,1,0
BRDA:319,25,0,0
BRDA:320,26,0,0
BRDA:320,26,1,0
BRDA:338,27,0,0
BRDA:338,27,1,0
BRDA:339,28,0,0
BRDA:339,28,1,0
BRDA:368,29,0,0
BRDA:368,29,1,0
BRDA:375,30,0,0
BRDA:375,30,1,0
BRDA:394,31,0,0
BRDA:394,31,1,0
BRDA:396,32,0,0
BRDA:396,32,1,0
BRDA:32,33,0,0
BRDA:32,34,0,0
BRDA:32,35,0,0
BRDA:32,36,0,0
BRDA:32,37,0,0
BRDA:32,38,0,0
BRDA:64,39,0,0
BRDA:64,39,1,0
BRDA:86,40,0,0
BRDA:86,40,1,0
BRDA:111,41,0,0
BRDA:111,41,1,0
BRDA:129,42,0,0
BRDA:129,42,1,0
BRDA:132,43,0,0
BRDA:132,43,1,0
BRDA:134,44,0,0
BRDA:134,44,1,0
BRDA:140,45,0,0
BRDA:140,45,1,0
BRDA:147,46,0,0
BRDA:147,46,1,0
BRDA:149,47,0,0
BRDA:149,47,1,0
BRDA:152,48,0,0
BRDA:152,48,1,0
BRDA:155,49,0,0
BRDA:155,49,1,0
BRDA:166,50,0,0
BRDA:166,50,1,0
BRDA:167,51,0,0
BRDA:167,51,1,0
BRDA:172,52,0,0
BRDA:172,52,1,0
BRDA:194,53,0,0
BRDA:194,53,1,0
BRDA:224,54,0,0
BRDA:224,54,1,0
BRDA:241,55,0,0
BRDA:241,55,1,0
BRDA:301,56,0,0
BRDA:302,57,0,0
BRDA:302,57,1,0
BRDA:319,58,0,0
BRDA:320,59,0,0
BRDA:320,59,1,0
BRDA:338,60,0,0
BRDA:338,60,1,0
BRDA:339,61,0,0
BRDA:339,61,1,0
BRDA:368,62,0,0
BRDA:368,62,1,0
BRDA:375,63,0,0
BRDA:375,63,1,0
BRDA:394,64,0,0
BRDA:394,64,1,0
BRDA:396,65,0,0
BRDA:396,65,1,0
BRDA:166,66,0,0
BRDA:166,66,1,0
BRF:118
BRH:0
end_of_record
TN:
SF:dimred/index.js
FNF:0
FNH:0
LF:0
LH:0
BRF:0
BRH:0
end_of_record
TN:
SF:docs/scripts/fix-code-block.js
FN:2,(anonymous_0)
FN:23,(anonymous_1)
FN:24,(anonymous_2)
FNF:3
FNH:0
FNDA:0,(anonymous_0)
FNDA:0,(anonymous_1)
FNDA:0,(anonymous_2)
DA:2,0
DA:3,0
DA:4,0
DA:6,0
DA:7,0
DA:8,0
DA:10,0
DA:12,0
DA:13,0
DA:16,0
DA:21,0
DA:23,0
DA:24,0
DA:25,0
DA:26,0
DA:28,0
DA:29,0
DA:30,0
DA:32,0
DA:33,0
DA:37,0
DA:41,0
DA:43,0
DA:44,0
DA:45,0
DA:47,0
DA:49,0
LF:27
LH:0
BRDA:12,0,0,0
BRDA:12,0,1,0
BRDA:43,1,0,0
BRDA:43,1,1,0
BRDA:43,2,0,0
BRDA:43,2,1,0
BRF:6
BRH:0
end_of_record
TN:
SF:docs/scripts/fix-navbar.js
FN:2,(anonymous_0)
FN:3,setNavbarMainContentHeight
FNF:2
FNH:0
FNDA:0,(anonymous_0)
FNDA:0,setNavbarMainContentHeight
DA:2,0
DA:4,0
DA:5,0
DA:6,0
DA:8,0
DA:10,0
DA:11,0
DA:14,0
DA:15,0
DA:19,0
DA:22,0
DA:24,0
LF:12
LH:0
BRDA:10,0,0,0
BRDA:10,0,1,0
BRDA:14,1,0,0
BRDA:14,1,1,0
BRF:4
BRH:0
end_of_record
TN:
SF:docs/scripts/linenumber.js
FN:2,(anonymous_0)
FNF:1
FNH:0
FNDA:0,(anonymous_0)
DA:2,0
DA:3,0
DA:4,0
DA:5,0
DA:11,0
DA:12,0
DA:13,0
DA:14,0
DA:16,0
DA:17,0
DA:18,0
DA:19,0
DA:20,0
DA:21,0
LF:14
LH:0
BRDA:11,0,0,0
BRDA:11,0,1,0
BRDA:11,1,0,0
BRDA:11,1,1,0
BRDA:20,2,0,0
BRDA:20,2,1,0
BRF:6
BRH:0
end_of_record
TN:
SF:docs/scripts/misc.js
FN:11,copy
FN:22,showTooltip
FN:26,(anonymous_2)
FN:32,copyFunction
FN:51,(anonymous_4)
FN:96,setAccordionIdToLocalStorage
FN:110,removeAccordionIdFromLocalStorage
FN:125,getAccordionIdsFromLocalStorage
FN:135,toggleAccordion
FN:153,(anonymous_9)
FN:164,(anonymous_10)
FN:174,(anonymous_11)
FN:177,(anonymous_12)
FN:190,toggleNavbar
FN:208,(anonymous_14)
FN:213,(anonymous_15)
FNF:16
FNH:0
FNDA:0,copy
FNDA:0,showTooltip
FNDA:0,(anonymous_2)
FNDA:0,copyFunction
FNDA:0,(anonymous_4)
FNDA:0,setAccordionIdToLocalStorage
FNDA:0,removeAccordionIdFromLocalStorage
FNDA:0,getAccordionIdsFromLocalStorage
FNDA:0,toggleAccordion
FNDA:0,(anonymous_9)
FNDA:0,(anonymous_10)
FNDA:0,(anonymous_11)
FNDA:0,(anonymous_12)
FNDA:0,toggleNavbar
FNDA:0,(anonymous_14)
FNDA:0,(anonymous_15)
DA:2,0
DA:5,0
DA:12,0
DA:13,0
DA:15,0
DA:16,0
DA:17,0
DA:18,0
DA:19,0
DA:23,0
DA:25,0
DA:26,0
DA:27,0
DA:34,0
DA:37,0
DA:39,0
DA:41,0
DA:45,0
DA:48,0
DA:51,0
DA:53,0
DA:58,0
DA:60,0
DA:61,0
DA:64,0
DA:67,0
DA:70,0
DA:72,0
DA:73,0
DA:79,0
DA:82,0
DA:86,0
DA:87,0
DA:100,0
DA:102,0
DA:103,0
DA:114,0
DA:116,0
DA:117,0
DA:129,0
DA:131,0
DA:136,0
DA:137,0
DA:138,0
DA:140,0
DA:141,0
DA:142,0
DA:143,0
DA:145,0
DA:148,0
DA:150,0
DA:151,0
DA:152,0
DA:153,0
DA:154,0
DA:155,0
DA:158,0
DA:159,0
DA:160,0
DA:164,0
DA:165,0
DA:168,0
DA:170,0
DA:171,0
DA:174,0
DA:175,0
DA:177,0
DA:178,0
DA:179,0
DA:194,0
DA:196,0
DA:197,0
DA:198,0
DA:200,0
DA:201,0
DA:208,0
DA:209,0
DA:210,0
DA:212,0
DA:213,0
DA:214,0
LF:81
LH:0
BRDA:39,0,0,0
BRDA:39,0,1,0
BRDA:72,1,0,0
BRDA:72,1,1,0
BRDA:79,2,0,0
BRDA:79,2,1,0
BRDA:131,3,0,0
BRDA:131,3,1,0
BRDA:140,4,0,0
BRDA:140,4,1,0
BRDA:141,5,0,0
BRDA:141,5,1,0
BRDA:154,6,0,0
BRDA:154,6,1,0
BRDA:165,7,0,0
BRDA:165,7,1,0
BRDA:165,8,0,0
BRDA:165,8,1,0
BRDA:178,9,0,0
BRDA:178,9,1,0
BRDA:196,10,0,0
BRDA:196,10,1,0
BRDA:212,11,0,0
BRDA:212,11,1,0
BRDA:212,12,0,0
BRDA:212,12,1,0
BRF:26
BRH:0
end_of_record
TN:
SF:docs/scripts/resize.js
FN:5,(anonymous_0)
FN:26,resizeNavbar
FN:52,setupEventListeners
FN:59,afterRemovingEventListeners
FN:66,removeEventListeners
FN:83,setupResizeOptions
FNF:6
FNH:0
FNDA:0,(anonymous_0)
FNDA:0,resizeNavbar
FNDA:0,setupEventListeners
FNDA:0,afterRemovingEventListeners
FNDA:0,removeEventListeners
FNDA:0,setupResizeOptions
DA:3,0
DA:5,0
DA:6,0
DA:8,0
DA:9,0
DA:10,0
DA:12,0
DA:18,0
DA:19,0
DA:20,0
DA:21,0
DA:24,0
DA:27,0
DA:28,0
DA:29,0
DA:30,0
DA:38,0
DA:44,0
DA:45,0
DA:46,0
DA:47,0
DA:54,0
DA:56,0
DA:61,0
DA:68,0
DA:70,0
DA:71,0
DA:75,0
DA:76,0
DA:78,0
DA:84,0
LF:31
LH:0
BRDA:18,0,0,0
BRDA:18,0,1,0
BRDA:29,1,0,0
BRDA:29,1,1,0
BRDA:30,2,0,0
BRDA:30,2,1,0
BRDA:38,3,0,0
BRDA:38,3,1,0
BRDA:44,4,0,0
BRDA:44,4,1,0
BRDA:44,5,0,0
BRDA:44,5,1,0
BRF:12
BRH:0
end_of_record
TN:
SF:docs/scripts/search.js
FN:2,hideSearchList
FN:6,showSearchList
FN:10,checkClick
FN:12,(anonymous_3)
FN:21,search
FN:53,(anonymous_5)
FN:60,setupSearch
FN:64,(anonymous_7)
FN:72,(anonymous_8)
FNF:9
FNH:0
FNDA:0,hideSearchList
FNDA:0,showSearchList
FNDA:0,checkClick
FNDA:0,(anonymous_3)
FNDA:0,search
FNDA:0,(anonymous_5)
FNDA:0,setupSearch
FNDA:0,(anonymous_7)
FNDA:0,(anonymous_8)
DA:3,0
DA:7,0
DA:11,0
DA:12,0
DA:13,0
DA:17,0
DA:22,0
DA:32,0
DA:35,0
DA:38,0
DA:40,0
DA:42,0
DA:43,0
DA:45,0
DA:46,0
DA:48,0
DA:50,0
DA:51,0
DA:53,0
DA:54,0
DA:61,0
DA:62,0
DA:64,0
DA:65,0
DA:66,0
DA:67,0
DA:69,0
DA:72,0
DA:73,0
DA:74,0
DA:75,0
DA:79,0
LF:32
LH:0
BRDA:11,0,0,0
BRDA:11,0,1,0
BRDA:43,1,0,0
BRDA:43,1,1,0
BRDA:50,2,0,0
BRDA:50,2,1,0
BRDA:65,3,0,0
BRDA:65,3,1,0
BRDA:74,4,0,0
BRDA:74,4,1,0
BRF:10
BRH:0
end_of_record
TN:
SF:docs/scripts/third-party/fuse.js
FN:9,(anonymous_0)
FN:9,e
FN:9,(anonymous_2)
FN:9,(anonymous_3)
FN:9,t
FN:9,n
FN:9,r
FN:9,i
FN:9,o
FN:9,(anonymous_9)
FN:9,c
FN:9,(anonymous_11)
FN:9,(anonymous_12)
FN:9,a
FN:9,s
FN:9,(anonymous_15)
FN:9,u
FN:9,(anonymous_17)
FN:9,h
FN:9,(anonymous_19)
FN:9,f
FN:9,(anonymous_21)
FN:9,(anonymous_22)
FN:9,(anonymous_23)
FN:9,l
FN:9,(anonymous_25)
FN:9,(anonymous_26)
FN:9,(anonymous_27)
FN:9,(anonymous_28)
FN:9,d
FN:9,v
FN:9,g
FN:9,y
FN:9,p
FN:9,(anonymous_34)
FN:9,m
FN:9,k
FN:9,M
FN:9,b
FN:9,(anonymous_39)
FN:9,(anonymous_40)
FN:9,(anonymous_41)
FN:9,e
FN:9,(anonymous_43)
FN:9,(anonymous_44)
FN:9,(anonymous_45)
FN:9,(anonymous_46)
FN:9,(anonymous_47)
FN:9,_
FN:9,(anonymous_49)
FN:9,(anonymous_50)
FN:9,O
FN:9,j
FN:9,(anonymous_53)
FN:9,(anonymous_54)
FN:9,e
FN:9,(anonymous_56)
FN:9,(anonymous_57)
FN:9,C
FN:9,(anonymous_59)
FN:9,(anonymous_60)
FN:9,(anonymous_61)
FN:9,e
FN:9,(anonymous_63)
FN:9,(anonymous_64)
FN:9,(anonymous_65)
FN:9,(anonymous_66)
FN:9,(anonymous_67)
FN:9,(anonymous_68)
FN:9,(anonymous_69)
FN:9,(anonymous_70)
FN:9,(anonymous_71)
FN:9,(anonymous_72)
FN:9,(anonymous_73)
FN:9,(anonymous_74)
FN:9,(anonymous_75)
FN:9,(anonymous_76)
FN:9,(anonymous_77)
FN:9,(anonymous_78)
FN:9,(anonymous_79)
FN:9,$
FN:9,R
FN:9,F
FN:9,P
FN:9,(anonymous_84)
FN:9,e
FN:9,(anonymous_86)
FN:9,(anonymous_87)
FN:9,(anonymous_88)
FN:9,(anonymous_89)
FN:9,(anonymous_90)
FN:9,e
FN:9,(anonymous_92)
FN:9,(anonymous_93)
FN:9,(anonymous_94)
FN:9,z
FN:9,(anonymous_96)
FN:9,i
FN:9,(anonymous_98)
FN:9,(anonymous_99)
FN:9,(anonymous_100)
FN:9,(anonymous_101)
FN:9,(anonymous_102)
FN:9,i
FN:9,(anonymous_104)
FN:9,(anonymous_105)
FN:9,(anonymous_106)
FN:9,(anonymous_107)
FN:9,(anonymous_108)
FN:9,i
FN:9,(anonymous_110)
FN:9,(anonymous_111)
FN:9,(anonymous_112)
FN:9,(anonymous_113)
FN:9,(anonymous_114)
FN:9,i
FN:9,(anonymous_116)
FN:9,(anonymous_117)
FN:9,(anonymous_118)
FN:9,(anonymous_119)
FN:9,(anonymous_120)
FN:9,i
FN:9,(anonymous_122)
FN:9,(anonymous_123)
FN:9,(anonymous_124)
FN:9,(anonymous_125)
FN:9,(anonymous_126)
FN:9,i
FN:9,(anonymous_128)
FN:9,(anonymous_129)
FN:9,(anonymous_130)
FN:9,(anonymous_131)
FN:9,(anonymous_132)
FN:9,i
FN:9,(anonymous_134)
FN:9,(anonymous_135)
FN:9,(anonymous_136)
FN:9,(anonymous_137)
FN:9,(anonymous_138)
FN:9,i
FN:9,(anonymous_140)
FN:9,(anonymous_141)
FN:9,(anonymous_142)
FN:9,(anonymous_143)
FN:9,X
FN:9,(anonymous_145)
FN:9,(anonymous_146)
FN:9,(anonymous_147)
FN:9,e
FN:9,(anonymous_149)
FN:9,(anonymous_150)
FN:9,te
FN:9,(anonymous_152)
FN:9,(anonymous_153)
FN:9,(anonymous_154)
FN:9,(anonymous_155)
FN:9,(anonymous_156)
FN:9,he
FN:9,(anonymous_158)
FN:9,(anonymous_159)
FN:9,fe
FN:9,(anonymous_161)
FN:9,le
FN:9,de
FN:9,(anonymous_164)
FN:9,(anonymous_165)
FN:9,(anonymous_166)
FN:9,e
FN:9,(anonymous_168)
FN:9,(anonymous_169)
FN:9,(anonymous_170)
FN:9,(anonymous_171)
FN:9,(anonymous_172)
FN:9,(anonymous_173)
FN:9,(anonymous_174)
FN:9,(anonymous_175)
FN:9,(anonymous_176)
FN:9,(anonymous_177)
FN:9,(anonymous_178)
FN:9,e
FN:9,(anonymous_180)
FN:9,(anonymous_181)
FN:9,(anonymous_182)
FN:9,e
FN:9,(anonymous_184)
FN:9,(anonymous_185)
FN:9,(anonymous_186)
FN:9,(anonymous_187)
FN:9,(anonymous_188)
FN:9,(anonymous_189)
FN:9,(anonymous_190)
FN:9,(anonymous_191)
FNF:192
FNH:0
FNDA:0,(anonymous_0)
FNDA:0,e
FNDA:0,(anonymous_2)
FNDA:0,(anonymous_3)
FNDA:0,t
FNDA:0,n
FNDA:0,r
FNDA:0,i
FNDA:0,o
FNDA:0,(anonymous_9)
FNDA:0,c
FNDA:0,(anonymous_11)
FNDA:0,(anonymous_12)
FNDA:0,a
FNDA:0,s
FNDA:0,(anonymous_15)
FNDA:0,u
FNDA:0,(anonymous_17)
FNDA:0,h
FNDA:0,(anonymous_19)
FNDA:0,f
FNDA:0,(anonymous_21)
FNDA:0,(anonymous_22)
FNDA:0,(anonymous_23)
FNDA:0,l
FNDA:0,(anonymous_25)
FNDA:0,(anonymous_26)
FNDA:0,(anonymous_27)
FNDA:0,(anonymous_28)
FNDA:0,d
FNDA:0,v
FNDA:0,g
FNDA:0,y
FNDA:0,p
FNDA:0,(anonymous_34)
FNDA:0,m
FNDA:0,k
FNDA:0,M
FNDA:0,b
FNDA:0,(anonymous_39)
FNDA:0,(anonymous_40)
FNDA:0,(anonymous_41)
FNDA:0,e
FNDA:0,(anonymous_43)
FNDA:0,(anonymous_44)
FNDA:0,(anonymous_45)
FNDA:0,(anonymous_46)
FNDA:0,(anonymous_47)
FNDA:0,_
FNDA:0,(anonymous_49)
FNDA:0,(anonymous_50)
FNDA:0,O
FNDA:0,j
FNDA:0,(anonymous_53)
FNDA:0,(anonymous_54)
FNDA:0,e
FNDA:0,(anonymous_56)
FNDA:0,(anonymous_57)
FNDA:0,C
FNDA:0,(anonymous_59)
FNDA:0,(anonymous_60)
FNDA:0,(anonymous_61)
FNDA:0,e
FNDA:0,(anonymous_63)
FNDA:0,(anonymous_64)
FNDA:0,(anonymous_65)
FNDA:0,(anonymous_66)
FNDA:0,(anonymous_67)
FNDA:0,(anonymous_68)
FNDA:0,(anonymous_69)
FNDA:0,(anonymous_70)
FNDA:0,(anonymous_71)
FNDA:0,(anonymous_72)
FNDA:0,(anonymous_73)
FNDA:0,(anonymous_74)
FNDA:0,(anonymous_75)
FNDA:0,(anonymous_76)
FNDA:0,(anonymous_77)
FNDA:0,(anonymous_78)
FNDA:0,(anonymous_79)
FNDA:0,$
FNDA:0,R
FNDA:0,F
FNDA:0,P
FNDA:0,(anonymous_84)
FNDA:0,e
FNDA:0,(anonymous_86)
FNDA:0,(anonymous_87)
FNDA:0,(anonymous_88)
FNDA:0,(anonymous_89)
FNDA:0,(anonymous_90)
FNDA:0,e
FNDA:0,(anonymous_92)
FNDA:0,(anonymous_93)
FNDA:0,(anonymous_94)
FNDA:0,z
FNDA:0,(anonymous_96)
FNDA:0,i
FNDA:0,(anonymous_98)
FNDA:0,(anonymous_99)
FNDA:0,(anonymous_100)
FNDA:0,(anonymous_101)
FNDA:0,(anonymous_102)
FNDA:0,i
FNDA:0,(anonymous_104)
FNDA:0,(anonymous_105)
FNDA:0,(anonymous_106)
FNDA:0,(anonymous_107)
FNDA:0,(anonymous_108)
FNDA:0,i
FNDA:0,(anonymous_110)
FNDA:0,(anonymous_111)
FNDA:0,(anonymous_112)
FNDA:0,(anonymous_113)
FNDA:0,(anonymous_114)
FNDA:0,i
FNDA:0,(anonymous_116)
FNDA:0,(anonymous_117)
FNDA:0,(anonymous_118)
FNDA:0,(anonymous_119)
FNDA:0,(anonymous_120)
FNDA:0,i
FNDA:0,(anonymous_122)
FNDA:0,(anonymous_123)
FNDA:0,(anonymous_124)
FNDA:0,(anonymous_125)
FNDA:0,(anonymous_126)
FNDA:0,i
FNDA:0,(anonymous_128)
FNDA:0,(anonymous_129)
FNDA:0,(anonymous_130)
FNDA:0,(anonymous_131)
FNDA:0,(anonymous_132)
FNDA:0,i
FNDA:0,(anonymous_134)
FNDA:0,(anonymous_135)
FNDA:0,(anonymous_136)
FNDA:0,(anonymous_137)
FNDA:0,(anonymous_138)
FNDA:0,i
FNDA:0,(anonymous_140)
FNDA:0,(anonymous_141)
FNDA:0,(anonymous_142)
FNDA:0,(anonymous_143)
FNDA:0,X
FNDA:0,(anonymous_145)
FNDA:0,(anonymous_146)
FNDA:0,(anonymous_147)
FNDA:0,e
FNDA:0,(anonymous_149)
FNDA:0,(anonymous_150)
FNDA:0,te
FNDA:0,(anonymous_152)
FNDA:0,(anonymous_153)
FNDA:0,(anonymous_154)
FNDA:0,(anonymous_155)
FNDA:0,(anonymous_156)
FNDA:0,he
FNDA:0,(anonymous_158)
FNDA:0,(anonymous_159)
FNDA:0,fe
FNDA:0,(anonymous_161)
FNDA:0,le
FNDA:0,de
FNDA:0,(anonymous_164)
FNDA:0,(anonymous_165)
FNDA:0,(anonymous_166)
FNDA:0,e
FNDA:0,(anonymous_168)
FNDA:0,(anonymous_169)
FNDA:0,(anonymous_170)
FNDA:0,(anonymous_171)
FNDA:0,(anonymous_172)
FNDA:0,(anonymous_173)
FNDA:0,(anonymous_174)
FNDA:0,(anonymous_175)
FNDA:0,(anonymous_176)
FNDA:0,(anonymous_177)
FNDA:0,(anonymous_178)
FNDA:0,e
FNDA:0,(anonymous_180)
FNDA:0,(anonymous_181)
FNDA:0,(anonymous_182)
FNDA:0,e
FNDA:0,(anonymous_184)
FNDA:0,(anonymous_185)
FNDA:0,(anonymous_186)
FNDA:0,(anonymous_187)
FNDA:0,(anonymous_188)
FNDA:0,(anonymous_189)
FNDA:0,(anonymous_190)
FNDA:0,(anonymous_191)
DA:9,0
LF:1
LH:0
BRDA:9,0,0,0
BRDA:9,0,1,0
BRDA:9,1,0,0
BRDA:9,1,1,0
BRDA:9,2,0,0
BRDA:9,2,1,0
BRDA:9,3,0,0
BRDA:9,3,1,0
BRDA:9,3,2,0
BRDA:9,3,3,0
BRDA:9,4,0,0
BRDA:9,4,1,0
BRDA:9,5,0,0
BRDA:9,5,1,0
BRDA:9,6,0,0
BRDA:9,6,1,0
BRDA:9,7,0,0
BRDA:9,7,1,0
BRDA:9,8,0,0
BRDA:9,8,1,0
BRDA:9,9,0,0
BRDA:9,9,1,0
BRDA:9,10,0,0
BRDA:9,10,1,0
BRDA:9,11,0,0
BRDA:9,11,1,0
BRDA:9,12,0,0
BRDA:9,12,1,0
BRDA:9,13,0,0
BRDA:9,13,1,0
BRDA:9,14,0,0
BRDA:9,14,1,0
BRDA:9,15,0,0
BRDA:9,15,1,0
BRDA:9,16,0,0
BRDA:9,16,1,0
BRDA:9,17,0,0
BRDA:9,17,1,0
BRDA:9,18,0,0
BRDA:9,18,1,0
BRDA:9,19,0,0
BRDA:9,19,1,0
BRDA:9,20,0,0
BRDA:9,20,1,0
BRDA:9,21,0,0
BRDA:9,21,1,0
BRDA:9,22,0,0
BRDA:9,22,1,0
BRDA:9,23,0,0
BRDA:9,23,1,0
BRDA:9,23,2,0
BRDA:9,24,0,0
BRDA:9,24,1,0
BRDA:9,25,0,0
BRDA:9,25,1,0
BRDA:9,26,0,0
BRDA:9,26,1,0
BRDA:9,27,0,0
BRDA:9,27,1,0
BRDA:9,28,0,0
BRDA:9,28,1,0
BRDA:9,29,0,0
BRDA:9,29,1,0
BRDA:9,30,0,0
BRDA:9,30,1,0
BRDA:9,30,2,0
BRDA:9,30,3,0
BRDA:9,31,0,0
BRDA:9,31,1,0
BRDA:9,32,0,0
BRDA:9,32,1,0
BRDA:9,33,0,0
BRDA:9,33,1,0
BRDA:9,34,0,0
BRDA:9,34,1,0
BRDA:9,35,0,0
BRDA:9,35,1,0
BRDA:9,36,0,0
BRDA:9,36,1,0
BRDA:9,36,2,0
BRDA:9,37,0,0
BRDA:9,37,1,0
BRDA:9,38,0,0
BRDA:9,38,1,0
BRDA:9,39,0,0
BRDA:9,39,1,0
BRDA:9,40,0,0
BRDA:9,40,1,0
BRDA:9,41,0,0
BRDA:9,41,1,0
BRDA:9,41,2,0
BRDA:9,42,0,0
BRDA:9,42,1,0
BRDA:9,43,0,0
BRDA:9,43,1,0
BRDA:9,43,2,0
BRDA:9,43,3,0
BRDA:9,44,0,0
BRDA:9,44,1,0
BRDA:9,45,0,0
BRDA:9,45,1,0
BRDA:9,46,0,0
BRDA:9,46,1,0
BRDA:9,47,0,0
BRDA:9,47,1,0
BRDA:9,48,0,0
BRDA:9,48,1,0
BRDA:9,49,0,0
BRDA:9,49,1,0
BRDA:9,50,0,0
BRDA:9,50,1,0
BRDA:9,51,0,0
BRDA:9,51,1,0
BRDA:9,52,0,0
BRDA:9,52,1,0
BRDA:9,53,0,0
BRDA:9,53,1,0
BRDA:9,54,0,0
BRDA:9,54,1,0
BRDA:9,55,0,0
BRDA:9,55,1,0
BRDA:9,56,0,0
BRDA:9,56,1,0
BRDA:9,57,0,0
BRDA:9,57,1,0
BRDA:9,58,0,0
BRDA:9,58,1,0
BRDA:9,59,0,0
BRDA:9,59,1,0
BRDA:9,60,0,0
BRDA:9,60,1,0
BRDA:9,61,0,0
BRDA:9,61,1,0
BRDA:9,61,2,0
BRDA:9,61,3,0
BRDA:9,62,0,0
BRDA:9,62,1,0
BRDA:9,63,0,0
BRDA:9,63,1,0
BRDA:9,64,0,0
BRDA:9,64,1,0
BRDA:9,65,0,0
BRDA:9,65,1,0
BRDA:9,66,0,0
BRDA:9,66,1,0
BRDA:9,67,0,0
BRDA:9,67,1,0
BRDA:9,68,0,0
BRDA:9,68,1,0
BRDA:9,69,0,0
BRDA:9,69,1,0
BRDA:9,70,0,0
BRDA:9,70,1,0
BRDA:9,71,0,0
BRDA:9,71,1,0
BRDA:9,72,0,0
BRDA:9,72,1,0
BRDA:9,73,0,0
BRDA:9,73,1,0
BRDA:9,74,0,0
BRDA:9,74,1,0
BRDA:9,75,0,0
BRDA:9,75,1,0
BRDA:9,76,0,0
BRDA:9,76,1,0
BRDA:9,77,0,0
BRDA:9,77,1,0
BRDA:9,78,0,0
BRDA:9,78,1,0
BRDA:9,79,0,0
BRDA:9,79,1,0
BRDA:9,80,0,0
BRDA:9,80,1,0
BRDA:9,81,0,0
BRDA:9,81,1,0
BRDA:9,82,0,0
BRDA:9,82,1,0
BRDA:9,82,2,0
BRDA:9,83,0,0
BRDA:9,83,1,0
BRDA:9,84,0,0
BRDA:9,84,1,0
BRDA:9,85,0,0
BRDA:9,85,1,0
BRDA:9,86,0,0
BRDA:9,86,1,0
BRDA:9,87,0,0
BRDA:9,87,1,0
BRDA:9,88,0,0
BRDA:9,88,1,0
BRDA:9,89,0,0
BRDA:9,89,1,0
BRDA:9,90,0,0
BRDA:9,90,1,0
BRDA:9,91,0,0
BRDA:9,91,1,0
BRDA:9,92,0,0
BRDA:9,92,1,0
BRDA:9,93,0,0
BRDA:9,93,1,0
BRDA:9,94,0,0
BRDA:9,94,1,0
BRDA:9,95,0,0
BRDA:9,95,1,0
BRDA:9,96,0,0
BRDA:9,96,1,0
BRDA:9,97,0,0
BRDA:9,97,1,0
BRDA:9,98,0,0
BRDA:9,98,1,0
BRDA:9,99,0,0
BRDA:9,99,1,0
BRDA:9,100,0,0
BRDA:9,100,1,0
BRDA:9,101,0,0
BRDA:9,101,1,0
BRDA:9,102,0,0
BRDA:9,102,1,0
BRDA:9,103,0,0
BRDA:9,103,1,0
BRDA:9,104,0,0
BRDA:9,104,1,0
BRDA:9,105,0,0
BRDA:9,105,1,0
BRDA:9,106,0,0
BRDA:9,106,1,0
BRDA:9,107,0,0
BRDA:9,107,1,0
BRDA:9,108,0,0
BRDA:9,108,1,0
BRDA:9,109,0,0
BRDA:9,109,1,0
BRDA:9,110,0,0
BRDA:9,110,1,0
BRDA:9,111,0,0
BRDA:9,111,1,0
BRDA:9,112,0,0
BRDA:9,112,1,0
BRDA:9,113,0,0
BRDA:9,113,1,0
BRDA:9,113,2,0
BRDA:9,114,0,0
BRDA:9,114,1,0
BRDA:9,115,0,0
BRDA:9,115,1,0
BRDA:9,115,2,0
BRDA:9,116,0,0
BRDA:9,116,1,0
BRDA:9,117,0,0
BRDA:9,117,1,0
BRDA:9,118,0,0
BRDA:9,118,1,0
BRDA:9,119,0,0
BRDA:9,119,1,0
BRDA:9,120,0,0
BRDA:9,120,1,0
BRDA:9,121,0,0
BRDA:9,121,1,0
BRDA:9,122,0,0
BRDA:9,122,1,0
BRDA:9,123,0,0
BRDA:9,123,1,0
BRDA:9,124,0,0
BRDA:9,124,1,0
BRDA:9,125,0,0
BRDA:9,125,1,0
BRDA:9,126,0,0
BRDA:9,126,1,0
BRDA:9,127,0,0
BRDA:9,127,1,0
BRDA:9,128,0,0
BRDA:9,128,1,0
BRDA:9,129,0,0
BRDA:9,129,1,0
BRDA:9,130,0,0
BRDA:9,130,1,0
BRDA:9,131,0,0
BRDA:9,131,1,0
BRDA:9,132,0,0
BRDA:9,132,1,0
BRDA:9,133,0,0
BRDA:9,133,1,0
BRDA:9,134,0,0
BRDA:9,134,1,0
BRDA:9,135,0,0
BRDA:9,135,1,0
BRDA:9,136,0,0
BRDA:9,136,1,0
BRDA:9,137,0,0
BRDA:9,137,1,0
BRDA:9,138,0,0
BRDA:9,138,1,0
BRDA:9,139,0,0
BRDA:9,139,1,0
BRDA:9,140,0,0
BRDA:9,140,1,0
BRDA:9,141,0,0
BRDA:9,141,1,0
BRDA:9,142,0,0
BRDA:9,142,1,0
BRDA:9,143,0,0
BRDA:9,143,1,0
BRDA:9,144,0,0
BRDA:9,144,1,0
BRDA:9,145,0,0
BRDA:9,145,1,0
BRDA:9,146,0,0
BRDA:9,146,1,0
BRDA:9,147,0,0
BRDA:9,147,1,0
BRDA:9,148,0,0
BRDA:9,148,1,0
BRDA:9,149,0,0
BRDA:9,149,1,0
BRDA:9,150,0,0
BRDA:9,150,1,0
BRDA:9,151,0,0
BRDA:9,151,1,0
BRDA:9,152,0,0
BRDA:9,152,1,0
BRDA:9,153,0,0
BRDA:9,153,1,0
BRDA:9,154,0,0
BRDA:9,154,1,0
BRDA:9,155,0,0
BRDA:9,155,1,0
BRDA:9,156,0,0
BRDA:9,156,1,0
BRDA:9,157,0,0
BRDA:9,157,1,0
BRDA:9,158,0,0
BRDA:9,158,1,0
BRDA:9,159,0,0
BRDA:9,159,1,0
BRDA:9,159,2,0
BRDA:9,160,0,0
BRDA:9,160,1,0
BRDA:9,161,0,0
BRDA:9,161,1,0
BRDA:9,161,2,0
BRDA:9,162,0,0
BRDA:9,162,1,0
BRDA:9,163,0,0
BRDA:9,163,1,0
BRDA:9,164,0,0
BRDA:9,164,1,0
BRDA:9,165,0,0
BRDA:9,165,1,0
BRDA:9,166,0,0
BRDA:9,166,1,0
BRDA:9,167,0,0
BRDA:9,167,1,0
BRDA:9,168,0,0
BRDA:9,168,1,0
BRDA:9,169,0,0
BRDA:9,169,1,0
BRDA:9,170,0,0
BRDA:9,170,1,0
BRDA:9,171,0,0
BRDA:9,171,1,0
BRDA:9,172,0,0
BRDA:9,172,1,0
BRDA:9,173,0,0
BRDA:9,173,1,0
BRDA:9,174,0,0
BRDA:9,174,1,0
BRDA:9,175,0,0
BRDA:9,175,1,0
BRDA:9,176,0,0
BRDA:9,176,1,0
BRDA:9,177,0,0
BRDA:9,177,1,0
BRDA:9,178,0,0
BRDA:9,178,1,0
BRDA:9,179,0,0
BRDA:9,179,1,0
BRDA:9,180,0,0
BRDA:9,180,1,0
BRDA:9,181,0,0
BRDA:9,181,1,0
BRDA:9,182,0,0
BRDA:9,182,1,0
BRDA:9,183,0,0
BRDA:9,183,1,0
BRDA:9,184,0,0
BRDA:9,184,1,0
BRDA:9,185,0,0
BRDA:9,185,1,0
BRDA:9,186,0,0
BRDA:9,186,1,0
BRDA:9,187,0,0
BRDA:9,187,1,0
BRDA:9,188,0,0
BRDA:9,188,1,0
BRDA:9,189,0,0
BRDA:9,189,1,0
BRDA:9,190,0,0
BRDA:9,190,1,0
BRDA:9,191,0,0
BRDA:9,191,1,0
BRDA:9,192,0,0
BRDA:9,192,1,0
BRDA:9,193,0,0
BRDA:9,193,1,0
BRDA:9,194,0,0
BRDA:9,194,1,0
BRDA:9,195,0,0
BRDA:9,195,1,0
BRDA:9,196,0,0
BRDA:9,196,1,0
BRDA:9,197,0,0
BRDA:9,197,1,0
BRDA:9,198,0,0
BRDA:9,198,1,0
BRDA:9,199,0,0
BRDA:9,199,1,0
BRDA:9,200,0,0
BRDA:9,200,1,0
BRDA:9,201,0,0
BRDA:9,201,1,0
BRDA:9,202,0,0
BRDA:9,202,1,0
BRDA:9,203,0,0
BRDA:9,203,1,0
BRDA:9,204,0,0
BRDA:9,204,1,0
BRDA:9,205,0,0
BRDA:9,205,1,0
BRDA:9,206,0,0
BRDA:9,206,1,0
BRDA:9,207,0,0
BRDA:9,207,1,0
BRDA:9,207,2,0
BRDA:9,208,0,0
BRDA:9,208,1,0
BRDA:9,209,0,0
BRDA:9,209,1,0
BRDA:9,210,0,0
BRDA:9,210,1,0
BRDA:9,211,0,0
BRDA:9,211,1,0
BRDA:9,212,0,0
BRDA:9,212,1,0
BRDA:9,213,0,0
BRDA:9,213,1,0
BRDA:9,214,0,0
BRDA:9,214,1,0
BRDA:9,215,0,0
BRDA:9,215,1,0
BRDA:9,216,0,0
BRDA:9,216,1,0
BRDA:9,217,0,0
BRDA:9,217,1,0
BRDA:9,218,0,0
BRDA:9,218,1,0
BRDA:9,219,0,0
BRDA:9,219,1,0
BRDA:9,220,0,0
BRDA:9,220,1,0
BRDA:9,221,0,0
BRDA:9,221,1,0
BRDA:9,222,0,0
BRDA:9,222,1,0
BRDA:9,223,0,0
BRDA:9,223,1,0
BRDA:9,224,0,0
BRDA:9,224,1,0
BRDA:9,225,0,0
BRDA:9,225,1,0
BRDA:9,226,0,0
BRDA:9,226,1,0
BRDA:9,227,0,0
BRDA:9,227,1,0
BRDA:9,228,0,0
BRDA:9,228,1,0
BRDA:9,229,0,0
BRDA:9,229,1,0
BRDA:9,230,0,0
BRDA:9,230,1,0
BRDA:9,231,0,0
BRDA:9,231,1,0
BRDA:9,232,0,0
BRDA:9,232,1,0
BRDA:9,233,0,0
BRDA:9,233,1,0
BRDA:9,234,0,0
BRDA:9,234,1,0
BRDA:9,235,0,0
BRDA:9,235,1,0
BRDA:9,236,0,0
BRDA:9,236,1,0
BRDA:9,237,0,0
BRDA:9,237,1,0
BRDA:9,238,0,0
BRDA:9,238,1,0
BRDA:9,239,0,0
BRDA:9,239,1,0
BRDA:9,240,0,0
BRDA:9,240,1,0
BRDA:9,241,0,0
BRDA:9,241,1,0
BRDA:9,242,0,0
BRDA:9,242,1,0
BRDA:9,242,2,0
BRDA:9,243,0,0
BRDA:9,243,1,0
BRDA:9,244,0,0
BRDA:9,244,1,0
BRDA:9,245,0,0
BRDA:9,245,1,0
BRDA:9,246,0,0
BRDA:9,246,1,0
BRDA:9,247,0,0
BRDA:9,247,1,0
BRDA:9,248,0,0
BRDA:9,248,1,0
BRDA:9,249,0,0
BRDA:9,249,1,0
BRDA:9,249,2,0
BRDA:9,250,0,0
BRDA:9,250,1,0
BRDA:9,251,0,0
BRDA:9,251,1,0
BRDA:9,252,0,0
BRDA:9,252,1,0
BRDA:9,253,0,0
BRDA:9,253,1,0
BRDA:9,254,0,0
BRDA:9,254,1,0
BRDA:9,255,0,0
BRDA:9,255,1,0
BRDA:9,256,0,0
BRDA:9,256,1,0
BRDA:9,257,0,0
BRDA:9,257,1,0
BRDA:9,258,0,0
BRDA:9,258,1,0
BRDA:9,259,0,0
BRDA:9,259,1,0
BRDA:9,260,0,0
BRDA:9,260,1,0
BRDA:9,261,0,0
BRDA:9,261,1,0
BRDA:9,262,0,0
BRDA:9,262,1,0
BRDA:9,263,0,0
BRDA:9,263,1,0
BRDA:9,264,0,0
BRDA:9,264,1,0
BRDA:9,265,0,0
BRDA:9,265,1,0
BRDA:9,266,0,0
BRDA:9,266,1,0
BRDA:9,267,0,0
BRDA:9,267,1,0
BRDA:9,268,0,0
BRDA:9,268,1,0
BRDA:9,269,0,0
BRDA:9,269,1,0
BRDA:9,270,0,0
BRDA:9,270,1,0
BRDA:9,271,0,0
BRDA:9,271,1,0
BRDA:9,272,0,0
BRDA:9,272,1,0
BRDA:9,273,0,0
BRDA:9,273,1,0
BRDA:9,274,0,0
BRDA:9,274,1,0
BRDA:9,275,0,0
BRDA:9,275,1,0
BRDA:9,276,0,0
BRDA:9,276,1,0
BRDA:9,277,0,0
BRDA:9,277,1,0
BRDA:9,278,0,0
BRDA:9,278,1,0
BRDA:9,279,0,0
BRDA:9,279,1,0
BRDA:9,280,0,0
BRDA:9,280,1,0
BRF:581
BRH:0
end_of_record
TN:
SF:docs/scripts/third-party/lang-css.js
FNF:0
FNH:0
DA:1,0
DA:2,0
LF:2
LH:0
BRF:0
BRH:0
end_of_record
TN:
SF:docs/scripts/third-party/prettify.js
FN:2,(anonymous_0)
FN:2,L
FN:2,m
FN:2,e
FN:2,h
FN:3,(anonymous_5)
FN:4,y
FN:5,(anonymous_7)
FN:6,M
FN:6,m
FN:7,B
FN:7,x
FN:7,e
FN:8,(anonymous_13)
FN:9,u
FN:12,D
FN:12,e
FN:13,h
FN:13,b
FN:15,k
FN:15,C
FN:15,E
FN:25,(anonymous_22)
FN:25,(anonymous_23)
FN:25,m
FN:27,(anonymous_25)
FNF:26
FNH:0
FNDA:0,(anonymous_0)
FNDA:0,L
FNDA:0,m
FNDA:0,e
FNDA:0,h
FNDA:0,(anonymous_5)
FNDA:0,y
FNDA:0,(anonymous_7)
FNDA:0,M
FNDA:0,m
FNDA:0,B
FNDA:0,x
FNDA:0,e
FNDA:0,(anonymous_13)
FNDA:0,u
FNDA:0,D
FNDA:0,e
FNDA:0,h
FNDA:0,b
FNDA:0,k
FNDA:0,C
FNDA:0,E
FNDA:0,(anonymous_22)
FNDA:0,(anonymous_23)
FNDA:0,m
FNDA:0,(anonymous_25)
DA:1,0
DA:2,0
DA:3,0
DA:4,0
DA:5,0
DA:6,0
DA:7,0
DA:8,0
DA:9,0
DA:10,0
DA:11,0
DA:12,0
DA:13,0
DA:14,0
DA:15,0
DA:16,0
DA:17,0
DA:18,0
DA:19,0
DA:20,0
DA:21,0
DA:22,0
DA:23,0
DA:24,0
DA:25,0
DA:26,0
DA:27,0
LF:27
LH:0
BRDA:2,0,0,0
BRDA:2,0,1,0
BRDA:2,1,0,0
BRDA:2,1,1,0
BRDA:2,2,0,0
BRDA:2,2,1,0
BRDA:2,3,0,0
BRDA:2,3,1,0
BRDA:2,4,0,0
BRDA:2,4,1,0
BRDA:2,5,0,0
BRDA:2,5,1,0
BRDA:2,6,0,0
BRDA:2,6,1,0
BRDA:2,7,0,0
BRDA:2,7,1,0
BRDA:2,8,0,0
BRDA:2,8,1,0
BRDA:2,9,0,0
BRDA:2,9,1,0
BRDA:2,9,2,0
BRDA:2,9,3,0
BRDA:3,10,0,0
BRDA:3,10,1,0
BRDA:3,11,0,0
BRDA:3,11,1,0
BRDA:3,12,0,0
BRDA:3,12,1,0
BRDA:3,13,0,0
BRDA:3,13,1,0
BRDA:3,14,0,0
BRDA:3,14,1,0
BRDA:3,14,2,0
BRDA:3,15,0,0
BRDA:3,15,1,0
BRDA:3,15,2,0
BRDA:3,16,0,0
BRDA:3,16,1,0
BRDA:3,16,2,0
BRDA:3,17,0,0
BRDA:3,17,1,0
BRDA:3,18,0,0
BRDA:3,18,1,0
BRDA:3,19,0,0
BRDA:3,19,1,0
BRDA:4,20,0,0
BRDA:4,20,1,0
BRDA:4,21,0,0
BRDA:4,21,1,0
BRDA:4,22,0,0
BRDA:4,22,1,0
BRDA:4,23,0,0
BRDA:4,23,1,0
BRDA:4,23,2,0
BRDA:4,23,3,0
BRDA:4,24,0,0
BRDA:4,24,1,0
BRDA:4,25,0,0
BRDA:4,25,1,0
BRDA:4,26,0,0
BRDA:4,26,1,0
BRDA:4,27,0,0
BRDA:4,27,1,0
BRDA:4,27,2,0
BRDA:4,27,3,0
BRDA:5,28,0,0
BRDA:5,28,1,0
BRDA:5,28,2,0
BRDA:5,29,0,0
BRDA:5,29,1,0
BRDA:5,30,0,0
BRDA:5,30,1,0
BRDA:5,31,0,0
BRDA:5,31,1,0
BRDA:5,32,0,0
BRDA:5,32,1,0
BRDA:5,33,0,0
BRDA:5,33,1,0
BRDA:5,34,0,0
BRDA:5,34,1,0
BRDA:5,35,0,0
BRDA:5,35,1,0
BRDA:6,36,0,0
BRDA:6,36,1,0
BRDA:6,37,0,0
BRDA:6,37,1,0
BRDA:6,38,0,0
BRDA:6,38,1,0
BRDA:6,39,0,0
BRDA:6,39,1,0
BRDA:6,39,2,0
BRDA:6,40,0,0
BRDA:6,40,1,0
BRDA:6,41,0,0
BRDA:6,41,1,0
BRDA:6,42,0,0
BRDA:6,42,1,0
BRDA:6,43,0,0
BRDA:6,43,1,0
BRDA:6,44,0,0
BRDA:6,44,1,0
BRDA:7,45,0,0
BRDA:7,45,1,0
BRDA:7,46,0,0
BRDA:7,46,1,0
BRDA:7,47,0,0
BRDA:7,47,1,0
BRDA:7,48,0,0
BRDA:7,48,1,0
BRDA:7,49,0,0
BRDA:7,49,1,0
BRDA:7,50,0,0
BRDA:7,50,1,0
BRDA:8,51,0,0
BRDA:8,51,1,0
BRDA:8,52,0,0
BRDA:8,52,1,0
BRDA:8,53,0,0
BRDA:8,53,1,0
BRDA:8,54,0,0
BRDA:8,54,1,0
BRDA:8,55,0,0
BRDA:8,55,1,0
BRDA:8,56,0,0
BRDA:8,56,1,0
BRDA:8,57,0,0
BRDA:8,57,1,0
BRDA:8,58,0,0
BRDA:8,58,1,0
BRDA:8,59,0,0
BRDA:8,59,1,0
BRDA:8,60,0,0
BRDA:8,60,1,0
BRDA:9,61,0,0
BRDA:9,61,1,0
BRDA:9,62,0,0
BRDA:9,62,1,0
BRDA:9,63,0,0
BRDA:9,63,1,0
BRDA:9,64,0,0
BRDA:9,64,1,0
BRDA:10,65,0,0
BRDA:10,65,1,0
BRDA:10,66,0,0
BRDA:10,66,1,0
BRDA:10,67,0,0
BRDA:10,67,1,0
BRDA:10,68,0,0
BRDA:10,68,1,0
BRDA:11,69,0,0
BRDA:11,69,1,0
BRDA:11,70,0,0
BRDA:11,70,1,0
BRDA:11,71,0,0
BRDA:11,71,1,0
BRDA:12,72,0,0
BRDA:12,72,1,0
BRDA:12,73,0,0
BRDA:12,73,1,0
BRDA:12,73,2,0
BRDA:12,74,0,0
BRDA:12,74,1,0
BRDA:12,75,0,0
BRDA:12,75,1,0
BRDA:13,76,0,0
BRDA:13,76,1,0
BRDA:13,77,0,0
BRDA:13,77,1,0
BRDA:13,78,0,0
BRDA:13,78,1,0
BRDA:13,79,0,0
BRDA:13,79,1,0
BRDA:13,80,0,0
BRDA:13,80,1,0
BRDA:13,81,0,0
BRDA:13,81,1,0
BRDA:13,82,0,0
BRDA:13,82,1,0
BRDA:14,83,0,0
BRDA:14,83,1,0
BRDA:14,84,0,0
BRDA:14,84,1,0
BRDA:14,85,0,0
BRDA:14,85,1,0
BRDA:14,86,0,0
BRDA:14,86,1,0
BRDA:14,87,0,0
BRDA:14,87,1,0
BRDA:14,88,0,0
BRDA:14,88,1,0
BRDA:15,89,0,0
BRDA:15,89,1,0
BRDA:15,90,0,0
BRDA:15,90,1,0
BRDA:15,91,0,0
BRDA:15,91,1,0
BRDA:15,92,0,0
BRDA:15,92,1,0
BRDA:15,93,0,0
BRDA:15,93,1,0
BRDA:15,94,0,0
BRDA:15,94,1,0
BRDA:15,95,0,0
BRDA:15,95,1,0
BRDA:16,96,0,0
BRDA:16,96,1,0
BRDA:16,97,0,0
BRDA:16,97,1,0
BRDA:16,98,0,0
BRDA:16,98,1,0
BRDA:16,99,0,0
BRDA:16,99,1,0
BRDA:16,100,0,0
BRDA:16,100,1,0
BRDA:16,101,0,0
BRDA:16,101,1,0
BRDA:16,102,0,0
BRDA:16,102,1,0
BRDA:17,103,0,0
BRDA:17,103,1,0
BRDA:17,104,0,0
BRDA:17,104,1,0
BRDA:17,105,0,0
BRDA:17,105,1,0
BRDA:17,106,0,0
BRDA:17,106,1,0
BRDA:17,107,0,0
BRDA:17,107,1,0
BRDA:17,108,0,0
BRDA:17,108,1,0
BRDA:25,109,0,0
BRDA:25,109,1,0
BRDA:25,110,0,0
BRDA:25,110,1,0
BRDA:25,111,0,0
BRDA:25,111,1,0
BRDA:25,112,0,0
BRDA:25,112,1,0
BRDA:25,113,0,0
BRDA:25,113,1,0
BRDA:26,114,0,0
BRDA:26,114,1,0
BRDA:26,115,0,0
BRDA:26,115,1,0
BRDA:26,116,0,0
BRDA:26,116,1,0
BRDA:26,117,0,0
BRDA:26,117,1,0
BRDA:26,118,0,0
BRDA:26,118,1,0
BRDA:26,119,0,0
BRDA:26,119,1,0
BRDA:26,120,0,0
BRDA:26,120,1,0
BRDA:26,121,0,0
BRDA:26,121,1,0
BRDA:26,122,0,0
BRDA:26,122,1,0
BRDA:26,123,0,0
BRDA:26,123,1,0
BRDA:26,123,2,0
BRDA:26,123,3,0
BRDA:26,123,4,0
BRDA:26,124,0,0
BRDA:26,124,1,0
BRDA:26,125,0,0
BRDA:26,125,1,0
BRDA:26,126,0,0
BRDA:26,126,1,0
BRDA:26,127,0,0
BRDA:26,127,1,0
BRDA:26,128,0,0
BRDA:26,128,1,0
BRDA:26,129,0,0
BRDA:26,129,1,0
BRDA:27,130,0,0
BRDA:27,130,1,0
BRDA:27,131,0,0
BRDA:27,131,1,0
BRF:279
BRH:0
end_of_record
TN:
SF:knn/BallTree.js
FN:19,(anonymous_0)
FN:21,(anonymous_1)
FN:29,(anonymous_2)
FN:45,(anonymous_3)
FN:46,(anonymous_4)
FN:58,(anonymous_5)
FN:63,(anonymous_6)
FN:69,(anonymous_7)
FN:85,(anonymous_8)
FN:93,(anonymous_9)
FN:100,(anonymous_10)
FN:115,(anonymous_11)
FN:116,(anonymous_12)
FN:126,(anonymous_13)
FNF:14
FNH:0
FNDA:0,(anonymous_0)
FNDA:0,(anonymous_1)
FNDA:0,(anonymous_2)
FNDA:0,(anonymous_3)
FNDA:0,(anonymous_4)
FNDA:0,(anonymous_5)
FNDA:0,(anonymous_6)
FNDA:0,(anonymous_7)
FNDA:0,(anonymous_8)
FNDA:0,(anonymous_9)
FNDA:0,(anonymous_10)
FNDA:0,(anonymous_11)
FNDA:0,(anonymous_12)
FNDA:0,(anonymous_13)
DA:20,0
DA:22,0
DA:23,0
DA:24,0
DA:25,0
DA:28,0
DA:30,0
DA:33,0
DA:34,0
DA:35,0
DA:37,0
DA:46,0
DA:47,0
DA:49,0
DA:50,0
DA:59,0
DA:60,0
DA:62,0
DA:63,0
DA:64,0
DA:65,0
DA:66,0
DA:67,0
DA:68,0
DA:69,0
DA:71,0
DA:72,0
DA:74,0
DA:76,0
DA:86,0
DA:87,0
DA:89,0
DA:90,0
DA:93,0
DA:94,0
DA:95,0
DA:96,0
DA:98,0
DA:100,0
DA:102,0
DA:103,0
DA:104,0
DA:106,0
DA:116,0
DA:128,0
DA:129,0
DA:131,0
DA:132,0
DA:135,0
DA:136,0
DA:137,0
DA:138,0
DA:139,0
DA:141,0
DA:142,0
DA:146,0
LF:56
LH:0
BRDA:19,0,0,0
BRDA:19,1,0,0
BRDA:21,2,0,0
BRDA:21,3,0,0
BRDA:21,4,0,0
BRDA:34,5,0,0
BRDA:34,5,1,0
BRDA:59,6,0,0
BRDA:59,6,1,0
BRDA:71,7,0,0
BRDA:71,7,1,0
BRDA:71,8,0,0
BRDA:71,8,1,0
BRDA:104,9,0,0
BRDA:104,9,1,0
BRDA:115,10,0,0
BRDA:128,11,0,0
BRDA:128,11,1,0
BRDA:128,12,0,0
BRDA:128,12,1,0
BRDA:128,12,2,0
BRDA:128,12,3,0
BRDA:131,13,0,0
BRDA:131,13,1,0
BRDA:132,14,0,0
BRDA:132,14,1,0
BRDA:135,15,0,0
BRDA:135,15,1,0
BRDA:138,16,0,0
BRDA:138,16,1,0
BRF:30
BRH:0
end_of_record
TN:
SF:knn/HNSW.js
FN:25,(anonymous_0)
FN:38,(anonymous_1)
[...]
DA:78,0
DA:79,0
DA:82,0
DA:90,0
DA:91,0
DA:97,0
DA:98,0
DA:99,0
DA:100,0
DA:101,0
DA:102,0
DA:104,0
DA:105,0
DA:106,0
DA:107,0
DA:108,0
DA:112,0
DA:113,0
DA:117,0
DA:119,0
DA:120,0
DA:121,0
DA:122,0
DA:123,0
DA:124,0
DA:125,0
DA:126,0
DA:127,0
DA:128,0
DA:130,0
DA:131,0
DA:132,0
DA:133,0
DA:135,0
DA:136,0
DA:137,0
DA:138,0
DA:139,0
DA:140,0
DA:141,0
DA:142,0
DA:143,0
DA:144,0
DA:145,0
DA:146,0
DA:147,0
DA:148,0
DA:149,0
DA:150,0
DA:152,0
DA:153,0
DA:154,0
DA:155,0
DA:156,0
DA:157,0
DA:162,0
DA:171,0
DA:175,0
DA:176,0
DA:177,0
DA:183,0
DA:184,0
DA:185,0
DA:186,0
DA:187,0
DA:193,0
DA:194,0
DA:195,0
DA:197,0
DA:198,0
DA:199,0
DA:204,0
LF:97
LH:0
BRDA:22,0,0,0
BRDA:22,1,0,0
BRDA:22,2,0,0
BRDA:22,3,0,0
BRDA:22,4,0,0
BRDA:29,5,0,0
BRDA:29,5,1,0
BRDA:43,6,0,0
BRDA:43,6,1,0
BRDA:58,7,0,0
BRDA:58,7,1,0
BRDA:79,8,0,0
BRDA:79,8,1,0
BRDA:117,9,0,0
BRDA:117,9,1,0
BRDA:147,10,0,0
BRDA:147,10,1,0
BRDA:154,11,0,0
BRDA:154,11,1,0
BRDA:170,12,0,0
BRDA:174,13,0,0
BRDA:185,14,0,0
BRDA:185,14,1,0
BRDA:194,15,0,0
BRDA:194,15,1,0
BRF:25
BRH:0
end_of_record
TN:
SF:knn/dijkstra.js
FN:7,(anonymous_0)
FNF:1
FNH:0
FNDA:0,(anonymous_0)
DA:8,0
DA:9,0
LF:2
LH:0
BRF:0
BRH:0
end_of_record
TN:
SF:knn/index.js
FNF:0
FNH:0
LF:0
LH:0
BRF:0
BRH:0
end_of_record
TN:
SF:linear_algebra/index.js
FNF:0
FNH:0
LF:0
LH:0
BRF:0
BRH:0
end_of_record
TN:
SF:linear_algebra/lanczos.js
FN:4,(anonymous_0)
FN:7,(anonymous_1)
FNF:2
FNH:0
FNDA:0,(anonymous_0)
FNDA:0,(anonymous_1)
DA:5,0
DA:6,0
DA:7,0
DA:8,0
DA:10,0
DA:11,0
DA:12,0
DA:14,0
DA:15,0
DA:17,0
DA:21,0
LF:11
LH:0
BRDA:4,0,0,0
BRDA:4,1,0,0
BRDA:4,2,0,0
BRDA:5,3,0,0
BRDA:5,3,1,0
BRDA:17,4,0,0
BRDA:17,4,1,0
BRF:7
BRH:0
end_of_record
TN:
SF:linear_algebra/lu.js
FN:7,(anonymous_0)
FNF:1
FNH:0
FNDA:0,(anonymous_0)
DA:8,0
DA:9,0
DA:10,0
DA:13,0
DA:14,0
DA:15,0
DA:16,0
DA:17,0
DA:27,0
DA:29,0
DA:30,0
DA:31,0
DA:33,0
DA:34,0
DA:35,0
DA:45,0
DA:49,0
LF:17
LH:0
BRDA:30,0,0,0
BRDA:30,0,1,0
BRF:2
BRH:0
end_of_record
TN:
SF:linear_algebra/poweriteration.js
FN:4,(anonymous_0)
FNF:1
FNH:0
FNDA:0,(anonymous_0)
DA:5,0
DA:6,0
DA:7,0
DA:8,0
DA:9,0
DA:10,0
DA:12,0
DA:13,0
DA:14,0
LF:9
LH:0
BRDA:4,0,0,0
BRDA:4,1,0,0
BRF:2
BRH:0
end_of_record
TN:
SF:linear_algebra/poweriteration_m.js
FN:12,(anonymous_0)
FN:16,(anonymous_1)
FNF:2
FNH:0
FNDA:0,(anonymous_0)
FNDA:0,(anonymous_1)
DA:13,0
DA:14,0
DA:15,0
DA:16,0
DA:17,0
DA:18,0
DA:19,0
DA:20,0
DA:21,0
DA:22,0
DA:23,0
DA:24,0
DA:25,0
DA:27,0
LF:14
LH:0
BRDA:12,0,0,0
BRDA:16,1,0,0
BRDA:16,1,1,0
BRF:3
BRH:0
end_of_record
TN:
SF:linear_algebra/poweriteration_n.js
FN:23,(anonymous_0)
FN:41,(anonymous_1)
FN:53,(anonymous_2)
FN:60,(anonymous_3)
FN:61,(anonymous_4)
FNF:5
FNH:0
FNDA:0,(anonymous_0)
FNDA:0,(anonymous_1)
FNDA:0,(anonymous_2)
FNDA:0,(anonymous_3)
FNDA:0,(anonymous_4)
DA:24,0
DA:25,0
DA:27,0
DA:29,0
DA:30,0
DA:32,0
DA:33,0
DA:34,0
DA:35,0
DA:36,0
DA:37,0
DA:38,0
DA:40,0
DA:41,0
DA:47,0
DA:48,0
DA:49,0
DA:51,0
DA:52,0
DA:53,0
DA:54,0
DA:55,0
DA:58,0
DA:59,0
DA:60,0
DA:61,0
DA:62,0
DA:64,0
DA:68,0
LF:29
LH:0
BRDA:23,0,0,0
BRDA:29,1,0,0
BRDA:29,1,1,0
BRDA:61,2,0,0
BRDA:61,2,1,0
BRF:5
BRH:0
end_of_record
TN:
SF:linear_algebra/qr.js
FN:13,(anonymous_0)
FN:22,(anonymous_1)
FN:24,(anonymous_2)
FNF:3
FNH:0
FNDA:0,(anonymous_0)
FNDA:0,(anonymous_1)
FNDA:0,(anonymous_2)
DA:14,0
DA:15,0
DA:16,0
DA:18,0
DA:19,0
DA:20,0
DA:21,0
DA:22,0
DA:23,0
DA:24,0
DA:26,0
DA:27,0
DA:28,0
DA:30,0
DA:32,0
LF:15
LH:0
BRF:0
BRH:0
end_of_record
TN:
SF:linear_algebra/qr_givens.js
FN:11,(anonymous_0)
FN:40,givensrotation
FNF:2
FNH:0
FNDA:0,(anonymous_0)
FNDA:0,givensrotation
DA:12,0
DA:13,0
DA:14,0
DA:16,0
DA:18,0
DA:19,0
DA:20,0
DA:21,0
DA:22,0
DA:23,0
DA:24,0
DA:25,0
DA:26,0
DA:27,0
DA:33,0
DA:34,0
DA:37,0
DA:41,0
DA:42,0
DA:44,0
DA:45,0
DA:46,0
DA:47,0
DA:48,0
DA:50,0
DA:51,0
DA:52,0
DA:53,0
LF:28
LH:0
BRDA:20,0,0,0
BRDA:20,0,1,0
BRDA:20,1,0,0
BRDA:20,1,1,0
BRDA:41,2,0,0
BRDA:41,2,1,0
BRDA:44,3,0,0
BRDA:44,3,1,0
BRF:8
BRH:0
end_of_record
TN:
SF:linear_algebra/qr_householder.js
FN:12,(anonymous_0)
FNF:1
FNH:0
FNDA:0,(anonymous_0)
DA:13,0
DA:14,0
DA:15,0
DA:17,0
DA:18,0
DA:19,0
DA:20,0
DA:21,0
DA:22,0
DA:23,0
DA:24,0
DA:26,0
DA:27,0
DA:28,0
DA:29,0
DA:30,0
DA:31,0
DA:32,0
DA:34,0
DA:35,0
DA:38,0
LF:21
LH:0
BRF:0
BRH:0
end_of_record
TN:
SF:linear_algebra/sapi.js
FN:14,(anonymous_0)
FN:17,(anonymous_1)
FNF:2
FNH:0
FNDA:0,(anonymous_0)
FNDA:0,(anonymous_1)
DA:15,0
DA:16,0
DA:17,0
DA:18,0
DA:20,0
DA:21,0
DA:22,0
DA:23,0
DA:24,0
DA:25,0
DA:26,0
DA:29,0
DA:30,0
DA:31,0
DA:32,0
LF:15
LH:0
BRDA:14,0,0,0
BRDA:14,1,0,0
BRDA:14,2,0,0
BRDA:14,3,0,0
BRDA:15,4,0,0
BRDA:15,4,1,0
BRF:6
BRH:0
end_of_record
TN:
SF:linear_algebra/simultaneous_poweriteration.js
FN:14,(anonymous_0)
FN:18,(anonymous_1)
FNF:2
FNH:0
FNDA:0,(anonymous_0)
FNDA:0,(anonymous_1)
DA:15,0
DA:16,0
DA:17,0
DA:18,0
DA:19,0
DA:20,0
DA:21,0
DA:22,0
DA:23,0
DA:24,0
DA:25,0
DA:26,0
DA:30,0
DA:31,0
DA:32,0
LF:15
LH:0
BRDA:14,0,0,0
BRDA:14,1,0,0
BRDA:14,2,0,0
BRDA:15,3,0,0
BRDA:15,3,1,0
BRDA:16,4,0,0
BRDA:16,4,1,0
BRDA:25,5,0,0
BRDA:25,5,1,0
BRF:9
BRH:0
end_of_record
TN:
SF:linear_algebra/svrg.js
FN:17,(anonymous_0)
FN:20,(anonymous_1)
FNF:2
FNH:0
FNDA:0,(anonymous_0)
FNDA:0,(anonymous_1)
DA:18,0
DA:19,0
DA:20,0
DA:21,0
DA:22,0
DA:23,0
DA:24,0
DA:26,0
DA:27,0
DA:28,0
DA:29,0
DA:30,0
DA:31,0
DA:32,0
DA:33,0
DA:35,0
DA:37,0
DA:39,0
DA:40,0
DA:41,0
DA:42,0
DA:44,0
DA:46,0
LF:23
LH:0
BRDA:17,0,0,0
BRDA:17,1,0,0
BRDA:17,2,0,0
BRF:3
BRH:0
end_of_record
TN:
SF:matrix/Matrix.js
FN:29,(anonymous_0)
FN:60,(anonymous_1)
FN:92,(anonymous_2)
FN:101,(anonymous_3)
FN:103,(anonymous_4)
FN:105,(anonymous_5)
FN:117,(anonymous_6)
FN:131,(anonymous_7)
FN:141,(anonymous_8)
FN:154,(anonymous_9)
FN:166,(anonymous_10)
FN:187,(anonymous_11)
FN:201,(anonymous_12)
FN:212,(anonymous_13)
FN:221,(anonymous_14)
FN:222,(anonymous_15)
FN:230,(anonymous_16)
FN:238,(anonymous_17)
FN:241,(anonymous_18)
FN:303,(anonymous_19)
FN:311,(anonymous_20)
FN:320,(anonymous_21)
FN:337,(anonymous_22)
FN:350,(anonymous_23)
FN:359,(anonymous_24)
FN:384,(anonymous_25)
FN:421,(anonymous_26)
FN:454,(anonymous_27)
FN:480,(anonymous_28)
FN:502,(anonymous_29)
FN:515,(anonymous_30)
FN:516,(anonymous_31)
FN:519,(anonymous_32)
FN:532,(anonymous_33)
FN:594,(anonymous_34)
FN:614,(anonymous_35)
FN:615,(anonymous_36)
FN:630,(anonymous_37)
FN:631,(anonymous_38)
FN:646,(anonymous_39)
FN:647,(anonymous_40)
FN:662,(anonymous_41)
FN:663,(anonymous_42)
FN:670,(anonymous_43)
FN:679,(anonymous_44)
FN:679,(anonymous_45)
FN:695,(anonymous_46)
FN:707,(anonymous_47)
FN:719,(anonymous_48)
FN:734,(anonymous_49)
FN:744,(anonymous_50)
FN:753,(anonymous_51)
FN:762,(anonymous_52)
FN:780,(anonymous_53)
FN:803,(anonymous_54)
FN:812,(anonymous_55)
FN:835,(anonymous_56)
FN:864,(anonymous_57)
FN:897,(anonymous_58)
FN:915,(anonymous_59)
FN:921,(anonymous_60)
FNF:61
FNH:0
FNDA:0,(anonymous_0)
FNDA:0,(anonymous_1)
FNDA:0,(anonymous_2)
FNDA:0,(anonymous_3)
FNDA:0,(anonymous_4)
FNDA:0,(anonymous_5)
FNDA:0,(anonymous_6)
FNDA:0,(anonymous_7)
FNDA:0,(anonymous_8)
FNDA:0,(anonymous_9)
FNDA:0,(anonymous_10)
FNDA:0,(anonymous_11)
FNDA:0,(anonymous_12)
FNDA:0,(anonymous_13)
FNDA:0,(anonymous_14)
FNDA:0,(anonymous_15)
FNDA:0,(anonymous_16)
FNDA:0,(anonymous_17)
FNDA:0,(anonymous_18)
FNDA:0,(anonymous_19)
FNDA:0,(anonymous_20)
FNDA:0,(anonymous_21)
FNDA:0,(anonymous_22)
FNDA:0,(anonymous_23)
FNDA:0,(anonymous_24)
FNDA:0,(anonymous_25)
FNDA:0,(anonymous_26)
FNDA:0,(anonymous_27)
FNDA:0,(anonymous_28)
FNDA:0,(anonymous_29)
FNDA:0,(anonymous_30)
FNDA:0,(anonymous_31)
FNDA:0,(anonymous_32)
FNDA:0,(anonymous_33)
FNDA:0,(anonymous_34)
FNDA:0,(anonymous_35)
FNDA:0,(anonymous_36)
FNDA:0,(anonymous_37)
FNDA:0,(anonymous_38)
FNDA:0,(anonymous_39)
FNDA:0,(anonymous_40)
FNDA:0,(anonymous_41)
FNDA:0,(anonymous_42)
FNDA:0,(anonymous_43)
FNDA:0,(anonymous_44)
FNDA:0,(anonymous_45)
FNDA:0,(anonymous_46)
FNDA:0,(anonymous_47)
FNDA:0,(anonymous_48)
FNDA:0,(anonymous_49)
FNDA:0,(anonymous_50)
FNDA:0,(anonymous_51)
FNDA:0,(anonymous_52)
FNDA:0,(anonymous_53)
FNDA:0,(anonymous_54)
FNDA:0,(anonymous_55)
FNDA:0,(anonymous_56)
FNDA:0,(anonymous_57)
FNDA:0,(anonymous_58)
FNDA:0,(anonymous_59)
FNDA:0,(anonymous_60)
DA:30,0
DA:31,0
DA:32,0
DA:33,0
DA:34,0
DA:35,0
DA:36,0
DA:38,0
DA:39,0
DA:40,0
DA:41,0
DA:42,0
DA:45,0
DA:47,0
DA:48,0
DA:49,0
DA:51,0
DA:52,0
DA:53,0
DA:54,0
DA:56,0
DA:58,0
DA:59,0
DA:60,0
DA:61,0
DA:62,0
DA:63,0
DA:66,0
DA:69,0
DA:70,0
DA:71,0
DA:72,0
DA:73,0
DA:76,0
DA:79,0
DA:93,0
DA:94,0
DA:95,0
DA:96,0
DA:97,0
DA:99,0
DA:100,0
DA:101,0
DA:102,0
DA:103,0
DA:104,0
DA:105,0
DA:107,0
DA:110,0
DA:111,0
DA:112,0
DA:113,0
DA:114,0
DA:117,0
DA:119,0
DA:120,0
DA:122,0
DA:132,0
DA:133,0
DA:134,0
DA:142,0
DA:143,0
DA:144,0
DA:145,0
DA:146,0
DA:155,0
DA:156,0
DA:167,0
DA:168,0
DA:169,0
DA:170,0
DA:171,0
DA:173,0
DA:174,0
DA:175,0
DA:176,0
DA:179,0
DA:188,0
DA:189,0
DA:190,0
DA:192,0
DA:202,0
DA:213,0
DA:214,0
DA:222,0
DA:223,0
DA:231,0
DA:239,0
DA:240,0
DA:241,0
DA:242,0
DA:243,0
DA:245,0
DA:248,0
DA:249,0
DA:250,0
DA:251,0
DA:252,0
DA:253,0
DA:254,0
DA:255,0
DA:256,0
DA:257,0
DA:260,0
DA:261,0
DA:264,0
DA:265,0
DA:266,0
DA:267,0
DA:268,0
DA:270,0
DA:271,0
DA:272,0
DA:273,0
DA:274,0
DA:277,0
DA:278,0
DA:282,0
DA:283,0
DA:284,0
DA:285,0
DA:289,0
DA:290,0
DA:291,0
DA:292,0
DA:293,0
DA:294,0
DA:295,0
DA:296,0
DA:297,0
DA:298,0
DA:303,0
DA:312,0
DA:313,0
DA:314,0
DA:315,0
DA:319,0
DA:320,0
DA:321,0
DA:322,0
DA:323,0
DA:324,0
DA:325,0
DA:327,0
DA:329,0
DA:330,0
DA:331,0
DA:332,0
DA:333,0
DA:335,0
DA:336,0
DA:337,0
DA:339,0
DA:341,0
DA:351,0
DA:352,0
DA:353,0
DA:354,0
DA:355,0
DA:356,0
DA:360,0
DA:361,0
DA:363,0
DA:367,0
DA:385,0
DA:386,0
DA:387,0
DA:388,0
DA:389,0
DA:390,0
DA:392,0
DA:393,0
DA:394,0
DA:395,0
DA:396,0
DA:397,0
DA:398,0
DA:400,0
DA:401,0
DA:402,0
DA:403,0
DA:404,0
DA:405,0
DA:406,0
DA:407,0
DA:408,0
DA:410,0
DA:422,0
DA:423,0
DA:424,0
DA:425,0
DA:427,0
DA:428,0
DA:429,0
DA:431,0
DA:434,0
DA:455,0
DA:456,0
DA:457,0
DA:458,0
DA:459,0
DA:464,0
DA:465,0
DA:466,0
DA:467,0
DA:470,0
DA:481,0
DA:482,0
DA:484,0
DA:485,0
DA:486,0
DA:487,0
DA:488,0
DA:489,0
DA:493,0
DA:503,0
DA:504,0
DA:505,0
DA:506,0
DA:507,0
DA:508,0
DA:509,0
DA:512,0
DA:516,0
DA:520,0
DA:521,0
DA:522,0
DA:523,0
DA:524,0
DA:525,0
DA:526,0
DA:529,0
DA:533,0
DA:534,0
DA:535,0
DA:536,0
DA:537,0
DA:538,0
DA:539,0
DA:541,0
DA:542,0
DA:543,0
DA:546,0
DA:547,0
DA:548,0
DA:550,0
DA:551,0
DA:552,0
DA:555,0
DA:556,0
DA:557,0
DA:558,0
DA:562,0
DA:564,0
DA:565,0
DA:566,0
DA:567,0
DA:568,0
DA:569,0
DA:570,0
DA:573,0
DA:574,0
DA:575,0
DA:576,0
DA:580,0
DA:583,0
DA:584,0
DA:587,0
DA:595,0
DA:596,0
DA:597,0
DA:598,0
DA:599,0
DA:615,0
DA:631,0
DA:647,0
DA:663,0
DA:671,0
DA:679,0
DA:680,0
DA:681,0
DA:682,0
DA:683,0
DA:684,0
DA:685,0
DA:688,0
DA:696,0
DA:697,0
DA:698,0
DA:700,0
DA:708,0
DA:709,0
DA:710,0
DA:712,0
DA:720,0
DA:721,0
DA:722,0
DA:723,0
DA:724,0
DA:725,0
DA:727,0
DA:735,0
DA:736,0
DA:737,0
DA:745,0
DA:746,0
DA:754,0
DA:755,0
DA:763,0
DA:764,0
DA:765,0
DA:766,0
DA:767,0
DA:768,0
DA:769,0
DA:770,0
DA:772,0
DA:774,0
DA:781,0
DA:782,0
DA:783,0
DA:784,0
DA:785,0
DA:786,0
DA:787,0
DA:788,0
DA:790,0
DA:792,0
DA:804,0
DA:805,0
DA:807,0
DA:808,0
DA:809,0
DA:810,0
DA:811,0
DA:812,0
DA:813,0
DA:814,0
DA:815,0
DA:816,0
DA:817,0
DA:818,0
DA:819,0
DA:820,0
DA:821,0
DA:822,0
DA:824,0
DA:826,0
DA:836,0
DA:837,0
DA:838,0
DA:841,0
DA:842,0
DA:843,0
DA:845,0
DA:849,0
DA:850,0
DA:851,0
DA:853,0
DA:856,0
DA:865,0
DA:866,0
DA:867,0
DA:869,0
DA:870,0
DA:871,0
DA:872,0
DA:873,0
DA:875,0
DA:877,0
DA:878,0
DA:879,0
DA:881,0
DA:882,0
DA:883,0
DA:885,0
DA:889,0
DA:898,0
DA:899,0
DA:900,0
DA:901,0
DA:902,0
DA:903,0
DA:904,0
DA:906,0
DA:916,0
DA:917,0
DA:918,0
DA:919,0
DA:920,0
DA:921,0
LF:391
LH:0
BRDA:29,0,0,0
BRDA:29,1,0,0
BRDA:29,2,0,0
BRDA:33,3,0,0
BRDA:33,3,1,0
BRDA:33,4,0,0
BRDA:33,4,1,0
BRDA:34,5,0,0
BRDA:34,5,1,0
BRDA:38,6,0,0
BRDA:38,6,1,0
BRDA:47,7,0,0
BRDA:47,7,1,0
BRDA:48,8,0,0
BRDA:48,8,1,0
BRDA:51,9,0,0
BRDA:51,9,1,0
BRDA:51,10,0,0
BRDA:51,10,1,0
BRDA:58,11,0,0
BRDA:58,11,1,0
BRDA:58,12,0,0
BRDA:58,12,1,0
BRDA:60,13,0,0
BRDA:60,13,1,0
BRDA:69,14,0,0
BRDA:69,14,1,0
BRDA:92,15,0,0
BRDA:93,16,0,0
BRDA:93,16,1,0
BRDA:95,17,0,0
BRDA:95,17,1,0
BRDA:95,18,0,0
BRDA:95,18,1,0
BRDA:97,19,0,0
BRDA:97,19,1,0
BRDA:99,20,0,0
BRDA:99,20,1,0
BRDA:99,21,0,0
BRDA:99,21,1,0
BRDA:100,22,0,0
BRDA:100,22,1,0
BRDA:102,23,0,0
BRDA:102,23,1,0
BRDA:104,24,0,0
BRDA:104,24,1,0
BRDA:105,25,0,0
BRDA:105,25,1,0
BRDA:110,26,0,0
BRDA:110,26,1,0
BRDA:110,27,0,0
BRDA:110,27,1,0
BRDA:113,28,0,0
BRDA:113,28,1,0
BRDA:119,29,0,0
BRDA:119,29,1,0
BRDA:168,30,0,0
BRDA:168,30,1,0
BRDA:168,31,0,0
BRDA:168,31,1,0
BRDA:173,32,0,0
BRDA:173,32,1,0
BRDA:173,33,0,0
BRDA:173,33,1,0
BRDA:173,33,2,0
BRDA:242,34,0,0
BRDA:242,34,1,0
BRDA:243,35,0,0
BRDA:243,35,1,0
BRDA:250,36,0,0
BRDA:250,36,1,0
BRDA:255,37,0,0
BRDA:255,37,1,0
BRDA:260,38,0,0
BRDA:260,38,1,0
BRDA:312,39,0,0
BRDA:312,39,1,0
BRDA:314,40,0,0
BRDA:314,40,1,0
BRDA:330,41,0,0
BRDA:330,41,1,0
BRDA:330,42,0,0
BRDA:330,42,1,0
BRDA:332,43,0,0
BRDA:332,43,1,0
BRDA:354,44,0,0
BRDA:354,44,1,0
BRDA:360,45,0,0
BRDA:360,45,1,0
BRDA:384,46,0,0
BRDA:388,47,0,0
BRDA:388,47,1,0
BRDA:389,48,0,0
BRDA:389,48,1,0
BRDA:396,49,0,0
BRDA:396,49,1,0
BRDA:397,50,0,0
BRDA:397,50,1,0
BRDA:404,51,0,0
BRDA:404,51,1,0
BRDA:424,52,0,0
BRDA:424,52,1,0
BRDA:428,53,0,0
BRDA:428,53,1,0
BRDA:454,54,0,0
BRDA:454,55,0,0
BRDA:456,56,0,0
BRDA:456,56,1,0
BRDA:457,57,0,0
BRDA:457,57,1,0
BRDA:458,58,0,0
BRDA:458,58,1,0
BRDA:458,59,0,0
BRDA:458,59,1,0
BRDA:534,60,0,0
BRDA:534,60,1,0
BRDA:537,61,0,0
BRDA:537,61,1,0
BRDA:538,62,0,0
BRDA:538,62,1,0
BRDA:546,63,0,0
BRDA:546,63,1,0
BRDA:547,64,0,0
BRDA:547,64,1,0
BRDA:555,65,0,0
BRDA:555,65,1,0
BRDA:555,66,0,0
BRDA:555,66,1,0
BRDA:564,67,0,0
BRDA:564,67,1,0
BRDA:567,68,0,0
BRDA:567,68,1,0
BRDA:573,69,0,0
BRDA:573,69,1,0
BRDA:679,70,0,0
BRDA:803,71,0,0
BRDA:804,72,0,0
BRDA:804,72,1,0
BRDA:836,73,0,0
BRDA:836,73,1,0
BRDA:836,74,0,0
BRDA:836,74,1,0
BRDA:878,75,0,0
BRDA:878,75,1,0
BRDA:915,76,0,0
BRF:145
BRH:0
end_of_record
TN:
SF:matrix/distance_matrix.js
FN:10,(anonymous_0)
FNF:1
FNH:0
FNDA:0,(anonymous_0)
DA:11,0
DA:12,0
DA:13,0
DA:14,0
DA:15,0
DA:16,0
DA:17,0
DA:18,0
DA:21,0
LF:9
LH:0
BRDA:10,0,0,0
BRF:1
BRH:0
end_of_record
TN:
SF:matrix/index.js
FNF:0
FNH:0
LF:0
LH:0
BRF:0
BRH:0
end_of_record
TN:
SF:matrix/k_nearest_neighbors.js
FN:11,(anonymous_0)
FN:17,(anonymous_1)
FN:24,(anonymous_2)
FNF:3
FNH:0
FNDA:0,(anonymous_0)
FNDA:0,(anonymous_1)
FNDA:0,(anonymous_2)
DA:12,0
DA:13,0
DA:14,0
DA:15,0
DA:16,0
DA:18,0
DA:24,0
DA:27,0
LF:8
LH:0
BRDA:11,0,0,0
BRDA:11,1,0,0
BRDA:13,2,0,0
BRDA:13,2,1,0
BRF:4
BRH:0
end_of_record
TN:
SF:matrix/linspace.js
FN:9,(anonymous_0)
FNF:1
FNH:0
FNDA:0,(anonymous_0)
DA:10,0
DA:11,0
DA:13,0
DA:14,0
DA:16,0
DA:17,0
DA:18,0
DA:19,0
DA:21,0
LF:9
LH:0
BRDA:9,0,0,0
BRDA:10,1,0,0
BRDA:10,1,1,0
BRDA:13,2,0,0
BRDA:13,2,1,0
BRDA:14,3,0,0
BRDA:14,3,1,0
BRF:7
BRH:0
end_of_record
TN:
SF:matrix/norm.js
FN:5,(anonymous_0)
FNF:1
FNH:0
FNDA:0,(anonymous_0)
DA:7,0
DA:8,0
DA:9,0
DA:10,0
DA:11,0
DA:12,0
DA:14,0
DA:16,0
DA:17,0
DA:18,0
DA:19,0
LF:11
LH:0
BRDA:5,0,0,0
BRDA:8,1,0,0
BRDA:8,1,1,0
BRDA:10,2,0,0
BRDA:10,2,1,0
BRDA:11,3,0,0
BRDA:11,3,1,0
BRF:7
BRH:0
end_of_record
TN:
SF:metrics/canberra.js
FN:10,(anonymous_0)
FNF:1
FNH:0
FNDA:0,(anonymous_0)
DA:11,0
DA:12,0
DA:13,0
DA:14,0
DA:15,0
DA:17,0
LF:6
LH:0
BRDA:11,0,0,0
BRDA:11,0,1,0
BRF:2
BRH:0
end_of_record
TN:
SF:metrics/chebyshev.js
FN:9,(anonymous_0)
FNF:1
FNH:0
FNDA:0,(anonymous_0)
DA:10,0
DA:11,0
DA:12,0
DA:13,0
DA:14,0
DA:16,0
LF:6
LH:0
BRDA:10,0,0,0
BRDA:10,0,1,0
BRF:2
BRH:0
end_of_record
TN:
SF:metrics/cosine.js
FN:11,(anonymous_0)
FNF:1
FNH:0
FNDA:0,(anonymous_0)
DA:12,0
DA:13,0
DA:14,0
DA:15,0
DA:16,0
DA:17,0
DA:18,0
DA:19,0
DA:20,0
DA:22,0
LF:10
LH:0
BRDA:12,0,0,0
BRDA:12,0,1,0
BRF:2
BRH:0
end_of_record
TN:
SF:metrics/euclidean.js
FN:10,(anonymous_0)
FNF:1
FNH:0
FNDA:0,(anonymous_0)
DA:11,0
LF:1
LH:0
BRF:0
BRH:0
end_of_record
TN:
SF:metrics/euclidean_squared.js
FN:10,(anonymous_0)
FNF:1
FNH:0
FNDA:0,(anonymous_0)
DA:11,0
DA:12,0
DA:13,0
DA:14,0
DA:15,0
DA:16,0
DA:17,0
DA:19,0
LF:8
LH:0
BRDA:11,0,0,0
BRDA:11,0,1,0
BRF:2
BRH:0
end_of_record
TN:
SF:metrics/hamming.js
FN:9,(anonymous_0)
FNF:1
FNH:0
FNDA:0,(anonymous_0)
DA:10,0
DA:11,0
DA:12,0
DA:13,0
DA:14,0
DA:15,0
DA:16,0
DA:18,0
LF:8
LH:0
BRDA:10,0,0,0
BRDA:10,0,1,0
BRF:2
BRH:0
end_of_record
TN:
SF:metrics/index.js
FNF:0
FNH:0
LF:0
LH:0
BRF:0
BRH:0
end_of_record
TN:
SF:metrics/jaccard.js
FN:9,(anonymous_0)
FNF:1
FNH:0
FNDA:0,(anonymous_0)
DA:10,0
DA:11,0
DA:12,0
DA:13,0
DA:14,0
DA:15,0
DA:16,0
DA:17,0
DA:18,0
DA:20,0
LF:10
LH:0
BRDA:10,0,0,0
BRDA:10,0,1,0
BRDA:17,1,0,0
BRDA:17,1,1,0
BRDA:18,2,0,0
BRDA:18,2,1,0
BRF:6
BRH:0
end_of_record
TN:
SF:metrics/manhattan.js
FN:9,(anonymous_0)
FNF:1
FNH:0
FNDA:0,(anonymous_0)
DA:10,0
DA:11,0
DA:12,0
DA:13,0
DA:14,0
DA:16,0
LF:6
LH:0
BRDA:10,0,0,0
BRDA:10,0,1,0
BRF:2
BRH:0
end_of_record
TN:
SF:metrics/sokal_michener.js
FN:9,(anonymous_0)
FNF:1
FNH:0
FNDA:0,(anonymous_0)
DA:10,0
DA:11,0
DA:12,0
DA:13,0
DA:14,0
DA:15,0
DA:16,0
DA:18,0
LF:8
LH:0
BRDA:10,0,0,0
BRDA:10,0,1,0
BRF:2
BRH:0
end_of_record
TN:
SF:metrics/yule.js
FN:9,(anonymous_0)
FNF:1
FNH:0
FNDA:0,(anonymous_0)
DA:10,0
DA:11,0
DA:12,0
DA:13,0
DA:14,0
DA:15,0
DA:16,0
DA:17,0
DA:18,0
DA:19,0
DA:20,0
DA:22,0
DA:23,0
LF:13
LH:0
BRDA:10,0,0,0
BRDA:10,0,1,0
BRDA:18,1,0,0
BRDA:18,1,1,0
BRDA:19,2,0,0
BRDA:19,2,1,0
BRDA:20,3,0,0
BRDA:20,3,1,0
BRDA:23,4,0,0
BRDA:23,4,1,0
BRDA:23,5,0,0
BRDA:23,5,1,0
BRF:12
BRH:0
end_of_record
TN:
SF:numerical/index.js
FNF:0
FNH:0
LF:0
LH:0
BRF:0
BRH:0
end_of_record
TN:
SF:numerical/kahan_sum.js
FN:9,(anonymous_0)
FNF:1
FNH:0
FNDA:0,(anonymous_0)
DA:10,0
DA:11,0
DA:12,0
DA:15,0
DA:16,0
DA:17,0
DA:18,0
DA:19,0
DA:21,0
LF:9
LH:0
BRF:0
BRH:0
end_of_record
TN:
SF:numerical/neumair_sum.js
FN:9,(anonymous_0)
FNF:1
FNH:0
FNDA:0,(anonymous_0)
DA:10,0
DA:11,0
DA:12,0
DA:14,0
DA:15,0
DA:16,0
DA:17,0
DA:18,0
DA:20,0
DA:22,0
DA:24,0
LF:11
LH:0
BRDA:17,0,0,0
BRDA:17,0,1,0
BRF:2
BRH:0
end_of_record
TN:
SF:optimization/index.js
FNF:0
FNH:0
LF:0
LH:0
BRF:0
BRH:0
end_of_record
TN:
SF:optimization/powell.js
FN:11,(anonymous_0)
FNF:1
FNH:0
FNDA:0,(anonymous_0)
DA:12,0
DA:13,0
DA:14,0
DA:15,0
DA:16,0
DA:17,0
DA:18,0
DA:20,0
DA:21,0
DA:22,0
DA:23,0
DA:24,0
DA:25,0
DA:26,0
DA:27,0
DA:28,0
DA:30,0
DA:31,0
DA:33,0
DA:34,0
DA:36,0
LF:21
LH:0
BRDA:11,0,0,0
BRDA:20,1,0,0
BRDA:20,1,1,0
BRDA:27,2,0,0
BRDA:27,2,1,0
BRDA:33,3,0,0
BRDA:33,3,1,0
BRF:7
BRH:0
end_of_record
TN:
SF:util/index.js
FNF:0
FNH:0
LF:0
LH:0
BRF:0
BRH:0
end_of_record
TN:
SF:util/max.js
FN:8,(anonymous_0)
FNF:1
FNH:0
FNDA:0,(anonymous_0)
DA:10,0
DA:11,0
DA:12,0
DA:15,0
LF:4
LH:0
BRDA:11,0,0,0
BRDA:11,0,1,0
BRDA:11,1,0,0
BRDA:11,1,1,0
BRDA:11,1,2,0
BRDA:11,1,3,0
BRF:6
BRH:0
end_of_record
TN:
SF:util/min.js
FN:8,(anonymous_0)
FNF:1
FNH:0
FNDA:0,(anonymous_0)
DA:10,0
DA:11,0
DA:12,0
DA:15,0
LF:4
LH:0
BRDA:11,0,0,0
BRDA:11,0,1,0
BRDA:11,1,0,0
BRDA:11,1,1,0
BRDA:11,1,2,0
BRDA:11,1,3,0
BRF:6
BRH:0
end_of_record
TN:
SF:util/randomizer.js
FN:15,(anonymous_0)
FN:28,(anonymous_1)
FN:45,(anonymous_2)
FN:53,(anonymous_3)
FN:61,(anonymous_4)
FN:104,(anonymous_5)
FN:116,(anonymous_6)
FN:128,(anonymous_7)
FN:140,(anonymous_8)
FNF:9
FNH:0
FNDA:0,(anonymous_0)
FNDA:0,(anonymous_1)
FNDA:0,(anonymous_2)
FNDA:0,(anonymous_3)
FNDA:0,(anonymous_4)
FNDA:0,(anonymous_5)
FNDA:0,(anonymous_6)
FNDA:0,(anonymous_7)
FNDA:0,(anonymous_8)
DA:16,0
DA:17,0
DA:18,0
DA:19,0
DA:20,0
DA:21,0
DA:22,0
DA:24,0
DA:25,0
DA:29,0
DA:30,0
DA:32,0
DA:33,0
DA:34,0
DA:35,0
DA:36,0
DA:37,0
DA:46,0
DA:54,0
DA:63,0
DA:64,0
DA:71,0
DA:72,0
DA:74,0
DA:75,0
DA:76,0
DA:78,0
DA:79,0
DA:80,0
DA:83,0
DA:84,0
DA:86,0
DA:89,0
DA:90,0
DA:91,0
DA:92,0
DA:93,0
DA:95,0
DA:105,0
DA:106,0
DA:107,0
DA:108,0
DA:110,0
DA:111,0
DA:112,0
DA:113,0
DA:114,0
DA:116,0
DA:117,0
DA:118,0
DA:119,0
DA:120,0
DA:122,0
DA:123,0
DA:124,0
DA:125,0
DA:126,0
DA:128,0
DA:141,0
DA:142,0
LF:60
LH:0
BRDA:24,0,0,0
BRDA:24,0,1,0
BRDA:64,1,0,0
BRDA:64,1,1,0
BRDA:105,2,0,0
BRDA:105,2,1,0
BRDA:107,3,0,0
BRDA:107,3,1,0
BRDA:117,4,0,0
BRDA:117,4,1,0
BRDA:117,5,0,0
BRDA:117,5,1,0
BRDA:119,6,0,0
BRDA:119,6,1,0
BRDA:140,7,0,0
BRF:15
BRH:0
end_of_record
